{{> header title='Release Notes | ' }}

<!-- TODO Style should match installation page, it doesn't quite... -->
<main class="grey-bg">

  <h1 class="margin-bottom large-title">Release Notes</h1>

  <div class="align-left support">

    <div class="anchor">
      <a href="#introduction" class="anchor"><img src="dist/assets/anchor.png" alt="anchor icon"></a>
      <h2 class="bold"><a id="introduction">Introduction</a></h2>
    </div>
    <div class="margin-bottom">
      <h3>OpenJDK Release Notes</h3>
      <p>
        OpenJDK 8u212-b03 and 11.0.3+7 were the first non-Oracle led OpenJDK releases,
        their release notes are listed below. For release notes prior to 8u212-b03 and
        11.0.3+7 please refer to the Oracle website.

        More recently we've been swapping to showing the release notes hosted by
        <a href="https://foojay.io" target="_blank">foojay.io</a>, an open source
        community around OpenJDK topics that is from one of our sponsors, Azul Systems.
      </p>

      <h3>Eclipse OpenJ9 Release Notes</h3>
      <p>
        For Eclipse OpenJ9 please see the: <a href="https://github.com/eclipse/openj9/releases/" target="_blank">Eclipse OpenJ9 Release Notes</a>. Please note
        that Eclipse OpenJ9 also uses OpenJDK class libraries, so check those release notes as well.
      </p>
    </div>

    <div class="anchor">
      <a href="#jdk8u272" class="anchor"><img src="dist/assets/anchor.png" alt="anchor icon"></a>
      <h2 class="bold"><button type="button" onclick="showHideReleaseNotes('jdk8u272_notes');">-/+</button> <a id="jdk8u272">OpenJDK 8u272 (1.8.0_272-b10)</a></h2>
      <h3 style="text-align: center;">(<a href="https://github.com/AdoptOpenJDK/openjdk8-upstream-binaries/releases/download/jdk8u272-b10/OpenJDK8U-sources_8u272b10.tar.gz">Upstream Source Tarball OpenJDK 8u272-b10</a>)</h3>
    </div>
    <div class="margin-bottom softHide" id="jdk8u272_notes">
      For 8u272 fixes see <a href="https://foojay.io/java-8/?quarter=102020&tab=allissues" target="_blank">Combined CVE and JDK bug view</a> at foojay.io.
      Please note you may not have permission to click through to the JBS bug itself, in which case you'll need to read the CVE directly.
    </div>

    <div class="anchor">
      <a href="#jdk8u265" class="anchor"><img src="dist/assets/anchor.png" alt="anchor icon"></a>
      <h2 class="bold"><button type="button" onclick="showHideReleaseNotes('jdk8u265_notes');">-/+</button> <a id="jdk8u265">OpenJDK 8u265 (1.8.0_265-b01)</a></h2>
      <h3 style="text-align: center;">(<a href="https://github.com/AdoptOpenJDK/openjdk8-upstream-binaries/releases/download/jdk8u265-b01/OpenJDK8U-sources_8u265b01.tar.gz">Upstream Source Tarball OpenJDK 8u265-b01</a>)</h3>
    </div>
    <div class="margin-bottom softHide" id="jdk8u265_notes">
      For combined 8u262 and 8u265 security fixes see the <a href="https://foojay.io/java-8/?quarter=072020&tab=cve" target="_blank">Combined CVE and JDK bug view</a> at foojay.io. Please note you may not have permission to click through to the JBS bug itself, in which case you'll need to read the CVE directly.<br/>
      See the <a href="https://bugs.openjdk.java.net/browse/JDK-8250575?jql=project%20%3D%20JDK%20AND%20fixVersion%20%3D%20openjdk8u265%20ORDER%20BY%20created%20DESC" target="_blank">openjdk8u265</a> Fix Version filter in the JDK Bug System.
    </div>

    <div class="anchor">
      <a href="#jdk8u262" class="anchor"><img src="dist/assets/anchor.png" alt="anchor icon"></a>
      <h2 class="bold"><button type="button" onclick="showHideReleaseNotes('jdk8u262_notes');">-/+</button> <a id="jdk8u262">OpenJDK 8u262 (1.8.0_262-b10)</a></h2>
      <h3 style="text-align: center;">(<a href="https://github.com/AdoptOpenJDK/openjdk8-upstream-binaries/releases/download/jdk8u252-b09/OpenJDK8U-sources_8u262b10.tar.gz">Upstream Source Tarball OpenJDK 8u262-b10</a>)</h3>
    </div>
    <div class="margin-bottom softHide" id="jdk8u262_notes">
      For combined 8u262 and 8u265 security fixes see the <a href="https://foojay.io/java-8/?quarter=072020&tab=cve" target="_blank">Combined CVE and JDK bug view</a> at foojay.io. Please note you may not have permission to click through to the JBS bug itself, in which case you'll need to read the CVE directly.<br/>
      See the <a href="https://bugs.openjdk.java.net/browse/JDK-8248715?jql=project%20%3D%20JDK%20AND%20fixVersion%20%3D%20openjdk8u262%20ORDER%20BY%20created%20DESC" target="_blank">openjdk8u262</a> Fix Version filter in the JDK Bug System.
    </div>

    <div class="anchor">
      <a href="#jdk8u252" class="anchor"><img src="dist/assets/anchor.png" alt="anchor icon"></a>
      <h2 class="bold"><button type="button" onclick="showHideReleaseNotes('jdk8u252_notes');">-/+</button> <a id="jdk8u252">OpenJDK 8u252 (1.8.0_252-b09)</a></h2>
      <h3 style="text-align: center;">(<a href="https://github.com/AdoptOpenJDK/openjdk8-upstream-binaries/releases/download/jdk8u252-b09/OpenJDK8U-sources_8u252b09.tar.gz">Upstream Source Tarball OpenJDK 8u252-b09</a>)</h3>
    </div>
    <div class="margin-bottom softHide" id="jdk8u252_notes">

      You can check the details of these bugs using the <a href="https://bugs.openjdk.java.net/browse/JDK-8227806?jql=project%20%3D%20JDK%20AND%20fixVersion%20%3D%20openjdk8u252%20ORDER%20BY%20created%20DESC" target="_blank">8u252</a> Fix Version filter in the JDK Bug System.

      <h3>Security fixes</h3>
      <ul>
        <li>JDK-8223898, CVE-2020-2754: Forward references to Nashorn</li>
        <li>JDK-8223904, CVE-2020-2755: Improve Nashorn matching</li>
        <li>JDK-8224541, CVE-2020-2756: Better mapping of serial ENUMs</li>
        <li>JDK-8224549, CVE-2020-2757: Less Blocking Array Queues</li>
        <li>JDK-8225603: Enhancement for big integers</li>
        <li>JDK-8227542: Manifest improved jar headers</li>
        <li>JDK-8231415, CVE-2020-2773: Better signatures in XML</li>
        <li>JDK-8233250: Better X11 rendering</li>
        <li>JDK-8233410: Better Build Scripting</li>
        <li>JDK-8234027: Better JCEKS key support</li>
        <li>JDK-8234408, CVE-2020-2781: Improve TLS session handling</li>
        <li>JDK-8234825, CVE-2020-2800: Better Headings for HTTP Servers</li>
        <li>JDK-8234841, CVE-2020-2803: Enhance buffering of byte buffers</li>
        <li>JDK-8235274, CVE-2020-2805: Enhance typing of methods</li>
        <li>JDK-8236201, CVE-2020-2830: Better Scanner conversions</li>
        <li>JDK-8238960: linux-i586 builds are inconsistent as the newly build jdk is not able to reserve enough space for object heap</li>
      </ul>

      <h3>Other changes</h3>
      <ul>
        <li>JDK-8005819: Support cross-realm MSSFU</li>
        <li>JDK-8022263: use same Clang warnings on BSD as on Linux</li>
        <li>JDK-8038631: Create wrapper for awt.Robot with additional functionality</li>
        <li>JDK-8047212: runtime/ParallelClassLoading/bootstrap/random/inner-complex assert(ObjectSynchronizer::verify_objmon_isinpool(inf)) failed: monitor is invalid</li>
        <li>JDK-8055283: Expand ResourceHashtable with C_HEAP allocation, removal and some unit tests</li>
        <li>JDK-8068184: Fix for JDK-8032832 caused a deadlock</li>
        <li>JDK-8079693: Add support for ECDSA P-384 and P-521 curves to XML Signature</li>
        <li>JDK-8132130: some docs cleanup</li>
        <li>JDK-8135318: CMS wrong max_eden_size for check_gc_overhead_limit</li>
        <li>JDK-8144445: Maximum size checking in Marlin ArrayCache utility methods is not optimal</li>
        <li>JDK-8144446: Automate the Marlin crash test</li>
        <li>JDK-8144526: Remove Marlin logging use of deleted internal API</li>
        <li>JDK-8144630: Use PrivilegedAction to create Thread in Marlin RendererStats</li>
        <li>JDK-8144654: Improve Marlin logging</li>
        <li>JDK-8144718: Pisces / Marlin Strokers may generate invalid curves with huge coordinates and round joins</li>
        <li>JDK-8166976: TestCipherPBECons has wrong @run line</li>
        <li>JDK-8167409: Invalid value passed to critical JNI function</li>
        <li>JDK-8181872: C1: possible overflow when strength reducing integer multiply by constant</li>
        <li>JDK-8187078: -XX:+VerifyOops finds numerous problems when running JPRT</li>
        <li>JDK-8191227: issues with unsafe handle resolution</li>
        <li>JDK-8197441: Signature#initSign/initVerify for an invalid private/public key fails with ClassCastException for SunPKCS11 provider</li>
        <li>JDK-8204152: SignedObject throws NullPointerException for null keys with an initialized Signature object</li>
        <li>JDK-8215756: Memory leaks in the AWT on macOS</li>
        <li>JDK-8216472: (se) Stack overflow during selection operation leads to crash (win)</li>
        <li>JDK-8219244: NMT: Change ThreadSafepointState's allocation type from mtInternal to mtThread</li>
        <li>JDK-8219597: (bf) Heap buffer state changes could provoke unexpected exceptions</li>
        <li>JDK-8225128: Add exception for expiring DocuSign root to VerifyCACerts test</li>
        <li>JDK-8225130: Add exception for expiring Comodo roots to VerifyCACerts test</li>
        <li>JDK-8229022: BufferedReader performance can be improved by using StringBuilder</li>
        <li>JDK-8229345: Memory leak due to vtable stubs not being shared on SPARC</li>
        <li>JDK-8229872: (fs) Increase buffer size used with getmntent</li>
        <li>JDK-8230235: Rendering HTML with empty img attribute and documentBaseKey cause Exception</li>
        <li>JDK-8231430: C2: Memory stomp in max_array_length() for T_ILLEGAL type</li>
        <li>JDK-8235744: PIT: test/jdk/javax/swing/text/html/TestJLabelWithHTMLText.java times out in linux-x64</li>
        <li>JDK-8235904: Infinite loop when rendering huge lines</li>
        <li>JDK-8236179: C1 register allocation error with T_ADDRESS</li>
        <li>JDK-8237368: Problem with NullPointerException in RMI TCPEndpoint.read</li>
        <li>JDK-8240521: Revert backport of 8231584: Deadlock with ClassLoader.findLibrary and System.loadLibrary call</li>
        <li>JDK-8241296: Segfault in JNIHandleBlock::oops_do()</li>
        <li>JDK-8241307: Marlin renderer should not be the default in 8u252</li>
      </ul>
    </div>

    <div class="anchor">
      <a href="#jdk8u242" class="anchor"><img src="dist/assets/anchor.png" alt="anchor icon"></a>
      <h2 class="bold"><button type="button" onclick="showHideReleaseNotes('jdk8u242_notes');">-/+</button> <a id="jdk8u242">OpenJDK 8u242 (1.8.0_242-b08)</a></h2>
      <h3 style="text-align: center;">(<a href="https://github.com/AdoptOpenJDK/openjdk8-upstream-binaries/releases/download/jdk8u242-b08/OpenJDK8U-sources_8u242b08.tar.gz">Upstream Source Tarball OpenJDK 8u242-b08</a>)</h3>
    </div>
    <div class="margin-bottom softHide" id="jdk8u242_notes">

      You can check the details of these bugs using the <a href="https://bugs.openjdk.java.net/browse/JDK-8227806?jql=project%20%3D%20JDK%20AND%20fixVersion%20%3D%20openjdk8u242%20ORDER%20BY%20created%20DESC" target="_blank">8u242</a> Fix Version filter in the JDK Bug System.

      <h3>Security fixes</h3>
      <ul>
        <li>S8225261: Better method resolutions</li>
        <li>S8224909, CVE-2020-2583: Unlink Set of LinkedHashSets</li>
        <li>S8225279: Better XRender interpolation</li>
        <li>S8226352, CVE-2020-2590: Improve Kerberos interop capabilities</li>
        <li>S8227758: More valid PKIX processing</li>
        <li>S8227816: More Colorful ICC profiles</li>
        <li>S8228548, CVE-2020-2593: Normalize normalization for all</li>
        <li>S8229951, CVE-2020-2601: Better Ticket Granting Services</li>
        <li>S8230279: Improve Pack200 file reading</li>
        <li>S8230318: Better trust store usage</li>
        <li>S8230967: Improve Registry support of clients</li>
        <li>S8231129: More glyph images</li>
        <li>S8231139: Improved keystore support</li>
        <li>S8231422, CVE-2020-2604: Better serial filter handling</li>
        <li>S8231795, CVE-2020-2659: Enhance datagram socket support</li>
        <li>S8232419: Improve Registry registration</li>
        <li>S8234037, CVE-2020-2654: Improve Object Identifier Processing</li>
      </ul>

      <h3>Other changes</h3>
      <ul>
        <li>S8010500: [parfait] Possible null pointer dereference at hotspot/src/share/vm/opto/loopnode.hpp</li>
        <li>S8029629: java/lang/ProcessBuilder/Basic.java fails intermittently</li>
        <li>S8031111: fix krb5 caddr</li>
        <li>S8037550: Update RFC references in javadoc to RFC 5280</li>
        <li>S8039438: Some tests depend on internal API sun.misc.IOUtils</li>
        <li>S8044500: Add kinit options and krb5.conf flags that allow users to obtain renewable tickets and specify ticket lifetimes</li>
        <li>S8048556: Unnecessary GCLocker-initiated young GCs</li>
        <li>S8055351: sun/security/provider/DSA/TestAlgParameterGenerator.java failed with interrupted! (timed out?)</li>
        <li>S8057986: freetype code to get glyph outline does not handle initial control point properly</li>
        <li>S8058290: JAAS Krb5LoginModule has suspect ticket-renewal logic, relies on clockskew grace</li>
        <li>S8067429: java.lang.VerifyError: Inconsistent stackmap frames at branch target</li>
        <li>S8068736: Avoid synchronization on Executable/Field.declaredAnnotations</li>
        <li>S8073108: Use x86 and SPARC CPU instructions for GHASH acceleration</li>
        <li>S8073154: NULL-pointer dereferencing in LIR_OpProfileType::print_instr</li>
        <li>S8073347: javadoc of Formattable messed up by JDK-8019857</li>
        <li>S8077707: jdk9 b58 cannot run any graphical application on Win 8 with JAWS running</li>
        <li>S8080835: Add blocking bulk read to sun.misc.IOUtils</li>
        <li>S8130341: GHASH 32bit intrinsics has AEADBadTagException</li>
        <li>S8131778: java disables UseAES flag when using VIS=2 on sparc</li>
        <li>S8132111: Do not request for addresses for forwarded TGT</li>
        <li>S8132249: Clean up JAB debugging code</li>
        <li>S8133489: Better messaging for PKIX path validation matching</li>
        <li>S8133951: Zero interpreter asserts in stubRoutines.cpp</li>
        <li>S8134424: BlockDataInputStream.readUTFBody: size local StringBuffer with the given length</li>
        <li>S8134739: compiler/loopopts/superword/TestVectorizationWithInvariant crashes in loop opts</li>
        <li>S8138978: Examine usages of sun.misc.IOUtils</li>
        <li>S8139178: Wrong fontMetrics when printing in Landscape (OpenJDK)</li>
        <li>S8139206: Add InputStream readNBytes(int len)</li>
        <li>S8146238: [macosx] Java2D Queue Flusher crash on OSX after switching between user accounts</li>
        <li>S8156028: G1YoungGenSizer _adaptive_size not correct when setting NewSize and MaxNewSize to the same value</li>
        <li>S8170641: sun/net/www/protocol/https/HttpsURLConnection/PostThruProxy.sh fails with timeout</li>
        <li>S8173956: KeyStore regression due to default keystore being changed to PKCS12</li>
        <li>S8183591: Incorrect behavior when reading DER value with Integer.MAX_VALUE length</li>
        <li>S8185898: setRequestProperty(key, null) results in HTTP header without colon in request</li>
        <li>S8186576: KerberosTicket does not properly handle renewable tickets at the end of their lifetime</li>
        <li>S8186831: Kerberos ignores PA-DATA with a non-null s2kparams</li>
        <li>S8186884: Test native KDC, Java krb5 lib, and native krb5 lib in one test</li>
        <li>S8189762: [TESTBUG] Create tests for JDK-8146115 container awareness and resource configuration</li>
        <li>S8193832: Performance of InputStream.readAllBytes() could be improved</li>
        <li>S8194653: Deadlock involving FileSystems.getDefault and System.loadLibrary call</li>
        <li>S8195088: [TEST_BUG] StartManagementAgent got unexpected exception</li>
        <li>S8195667: ProblemList PKCS11 tests Secmod/AddTrustedCert.java and tls/TestKeyMaterial.java due to JDK-8180837</li>
        <li>S8196681: Java Access Bridge logging and debug flags dynamically controlled</li>
        <li>S8196956: (ch) More channels cleanup</li>
        <li>S8198649: Switch AWT/Swing's default GTK version to 3</li>
        <li>S8201627: Kerberos sequence number issues</li>
        <li>S8204288: Matching the end of a string followed by an empty greedy regex and a word boundary fails</li>
        <li>S8204290: Add check to limit number of capture groups</li>
        <li>S8206173: MallocSiteTable::initialize() doesn't take function descriptors into account</li>
        <li>S8208715: Conversion of milliseconds to nanoseconds in UNIXProcess contains bug</li>
        <li>S8212071: Need to set the FreeType LCD Filter to reduce fringing.</li>
        <li>S8213119: [macos] java/awt/GraphicsDevice/CheckDisplayModes.java fails</li>
        <li>S8213568: Typo in java/awt/GraphicsEnvironment/LoadLock/GE_init5.java</li>
        <li>S8215032: Support Kerberos cross-realm referrals (RFC 6806)</li>
        <li>S8215210: [macos] Hangul text does not shape to the precomposed form on JDK8u</li>
        <li>S8216401: Allow "file:" URLs in Class-Path of local JARs</li>
        <li>S8218558: NMT stack traces in output should show mt component for virtual memory allocations</li>
        <li>S8219914: Change the environment variable for Java Access Bridge logging to have a directory.</li>
        <li>S8221172: SunEC specific test is not limited to SunEC</li>
        <li>S8221246: NullPointerException within Win32ShellFolder2</li>
        <li>S8222496: [8u] Switch on GTK3 as a default GTK L&F in client-libs</li>
        <li>S8223490: Optimize search algorithm for determining default time zone</li>
        <li>S8225101: Crash at sun.awt.X11.XlibWrapper.XkbGetUpdatedMap when change keybord map</li>
        <li>S8225141: Better handling of classes in error state in fast class initialization checks</li>
        <li>S8225505: ctrl-F1 does not show the tooltip of a menu item (JMenuItems)</li>
        <li>S8226719: Kerberos login to Windows 2000 failed with "Inappropriate type of checksum in message"</li>
        <li>S8227061: KDC.java test behaves incorrectly when AS-REQ contains a PAData not PA-ENC-TS-ENC</li>
        <li>S8227381: GSS login fails with PREAUTH_FAILED</li>
        <li>S8227437: S4U2proxy cannot continue because server's TGT cannot be found</li>
        <li>S8227715: GPLv2 files missing Classpath Exception</li>
        <li>S8228888: C2 compilation fails with assert "m has strange control"</li>
        <li>S8229020: Failure on CPUs allowing loads reordering: assert(_tasks[t] == 1) failed: What else?</li>
        <li>S8229169: False failure of GenericTaskQueue::pop_local on architectures with weak memory model</li>
        <li>S8229420: [Redo] jstat reports incorrect values for OU for CMS GC</li>
        <li>S8230238: Add another regression test for JDK-8134739</li>
        <li>S8230363: C2: Let ConnectionGraph::not_global_escape(Node* n) return false if n is not in the CG</li>
        <li>S8230813: Add JDK-8010500 to compiler/loopopts/superword/TestFuzzPreLoop.java bug list</li>
        <li>S8231124: Missing closedir call with JDK-8223490</li>
        <li>S8231398: Add time tracing for gc log rotation at safepoint cleanup</li>
        <li>S8231584: Deadlock with ClassLoader.findLibrary and System.loadLibrary call</li>
        <li>S8231887: ComodoCA.java fails because certificate was revoked</li>
        <li>S8231988: Unexpected test result caused by C2 IdealLoopTree::do_remove_empty_loop</li>
        <li>S8232019: Add LuxTrust certificate updates to the existing root program</li>
        <li>S8232381: add result NULL-checking to freetypeScaler.c</li>
        <li>S8232984: Upgrading Joni License version to 2.1.16</li>
        <li>S8233223: Add Amazon Root CA certificates</li>
        <li>S8233886: TEST_BUG jdk/java/net/CookieHandler/B6791927.java hit hardcoded expiration date</li>
        <li>S8233944: Make KerberosPrincipal.KRB_NT_ENTERPRISE field package private</li>
        <li>S8234591: [11u] Build with old C compiler broken by 8223490</li>
        <li>S8235850: [TESTBUG] Remove test/runtime/RedefineTests/test8178870.sh</li>
        <li>S8235909: File.exists throws AccessControlException for invalid paths when a SecurityManager is installed</li>
        <li>S8236178: Debug build failed after 8236058</li>
        <li>S8236983: [TESTBUG] Remove pointless catch block in test/jdk/sun/security/util/DerValue/BadValue.java</li>
        <li>S8236984: Add compatibility wrapper for IOUtils.readFully</li>
      </ul>
    </div>

    <div class="anchor">
      <a href="#jdk8u232" class="anchor"><img src="dist/assets/anchor.png" alt="anchor icon"></a>
      <h2 class="bold"><button type="button" onclick="showHideReleaseNotes('jdk8u232_notes');">-/+</button> <a id="jdk8u232">OpenJDK 8u232 (1.8.0_232-b09)</a></h2>
      <h3 style="text-align: center;">(<a href="https://github.com/AdoptOpenJDK/openjdk8-upstream-binaries/releases/download/jdk8u232-b09/OpenJDK8U-sources_8u232b09.tar.gz">Upstream Source Tarball OpenJDK 8u232-b09</a>)</h3>
    </div>
    <div class="margin-bottom softHide" id="jdk8u232_notes">

      You can check the details of these bugs using the <a href="https://bugs.openjdk.java.net/browse/JDK-8227806?jql=project%20%3D%20JDK%20AND%20fixVersion%20%3D%20openjdk8u232%20ORDER%20BY%20created%20DESC" target="_blank">8u232</a> Fix Version filter in the JDK Bug System.

      <h3>Security fixes</h3>
      <ul>
        <li>S8167646: Better invalid FilePermission</li>
        <li>S8213429, CVE-2019-2933: Windows file handling redux</li>
        <li>S8218573, CVE-2019-2945: Better socket support</li>
        <li>S8218877: Help transform transformers</li>
        <li>S8220186: Improve use of font temporary files</li>
        <li>S8220302, CVE-2019-2949: Better Kerberos ccache handling</li>
        <li>S8221497: Optional Panes in Swing</li>
        <li>S8221858, CVE-2019-2958: Build Better Processes</li>
        <li>S8222684, CVE-2019-2964: Better support for patterns</li>
        <li>S8222690, CVE-2019-2962: Better Glyph Images</li>
        <li>S8223163: Better pattern recognition</li>
        <li>S8223505, CVE-2019-2973: Better pattern compilation</li>
        <li>S8223518, CVE-2019-2975: Unexpected exception in jjs</li>
        <li>S8223892, CVE-2019-2978: Improved handling of jar files</li>
        <li>S8224025: Fix for JDK-8220302 is not complete</li>
        <li>S8224532, CVE-2019-2981: Better Path supports</li>
        <li>S8224915, CVE-2019-2983: Better serial attributes</li>
        <li>S8225286, CVE-2019-2987: Better rendering of native glyphs</li>
        <li>S8225292, CVE-2019-2988: Better Graphics2D drawing</li>
        <li>S8225298, CVE-2019-2989: Improve TLS connection support</li>
        <li>S8225597, CVE-2019-2992: Enhance font glyph mapping</li>
        <li>S8226765, CVE-2019-2999: Commentary on Javadoc comments</li>
        <li>S8227129: Better ligature for subtables</li>
        <li>S8227601: Better collection of references</li>
        <li>S8228825, CVE-2019-2894: Enhance ECDSA operations</li>
      </ul>
      <h3>Other changes</h3>
      <ul>
        <li>S6913047: Long term memory leak when using PKCS11 and JCE exceeds 32 bit process address space</li>
        <li>S6946830: javax.crypto.Cipher.doFinal behavior differs depending on platform</li>
        <li>S6996807: FieldReflectorKey hash code computation can be improved</li>
        <li>S8030993: Check jdk/src/share/native/common/jni_util.c for JNI pending exceptions</li>
        <li>S8038392: Generating prelink cache breaks JAVA 'jinfo' utility normal behaviour</li>
        <li>S8075136: Unnecessary sign extension for byte array access</li>
        <li>S8075544: Add tiered testing definitions to the jdk repo</li>
        <li>S8075546: Add tiered testing definitions to the langtools repo</li>
        <li>S8075573: Add jdk_other and jdk_svc to jdk tier 2 test definition</li>
        <li>S8080157: assert(allocates2(pc)) failed: not in CodeBuffer memory</li>
        <li>S8087128: C2: Disallow definition split on MachCopySpill nodes</li>
        <li>S8139965: Hang seen when using com.sun.jndi.ldap.search.replyQueueSize</li>
        <li>S8141570: Fix Zero interpreter build for --disable-precompiled-headers</li>
        <li>S8147502: Digest is incorrectly truncated for ECDSA signatures when the bit length of n is less than the field size</li>
        <li>S8147611: G1 - Missing memory barrier in start_cset_region_for_worker</li>
        <li>S8151066: assert(0 &lt;= i &amp;&amp;amp; i &lt; length()) failed: index out of bounds</li>
        <li>S8151486: Class.forName causes memory leak</li>
        <li>S8152856: Xcode 7.3 -Wshift-negative-value compile failure on Mac OS X</li>
        <li>S8153732: Windows remote printer changes do not reflect in lookupPrintServices()</li>
        <li>S8155951: VM crash in nsk/jvmti/RedefineClasses/StressRedefine: assert failed: Corrupted constant pool</li>
        <li>S8157792: After Integrating tzdata2016d the test/sun/util/calendar/zi/TestZoneInfo310.java fails for "Asia/Oral" and "Asia/Qyzylorda" Timezones</li>
        <li>S8168417: Pending exceptions in java.base/windows/native/libnio</li>
        <li>S8170494: JNI exception pending in PlainDatagramSocketImpl.c</li>
        <li>S8178870: instrumentation.retransformClasses cause coredump</li>
        <li>S8182999: SunEC throws ProviderException on invalid curves</li>
        <li>S8185900: hotspot build failed with gcc version Red Hat 4.4.7-3</li>
        <li>S8185979: PPC64: Implement SHA2 intrinsic</li>
        <li>S8188868: PPC64: Support AES intrinsics on Big Endian</li>
        <li>S8197930: JNI exception pending in initializeEncoding of jni_util.c</li>
        <li>S8202252: (aio) Closed AsynchronousSocketChannel keeps completion handler alive</li>
        <li>S8202353: os::readdir should use readdir instead of readdir_r</li>
        <li>S8202948: C2: assert(init_offset &gt;= 0) failed: positive offset from object start</li>
        <li>S8203324: Use out of scope in getMacOSXLocale of java_props_macosx.c:120</li>
        <li>S8205587: Implicit function declaration in jni_util.c</li>
        <li>S8206879: Currency decimal marker incorrect for Peru</li>
        <li>S8210761: libjsig is being compiled without optimization</li>
        <li>S8211232: GraphKit::make_runtime_call() sometimes attaches wrong memory state to call</li>
        <li>S8212202: [Windows] Exception if no printers are installed.</li>
        <li>S8213561: ZipFile/MultiThreadedReadTest.java timed out in tier1</li>
        <li>S8214002: Cannot use italic font style if the font has embedded bitmap</li>
        <li>S8214687: Optimize Collections.nCopies().hashCode() and equals()</li>
        <li>S8214702: Wrong text position for whitespaced string in printing Swing text</li>
        <li>S8215130: Fix errors in LittleCMS 2.9 reported by GCC 8</li>
        <li>S8215265: C2: range check elimination may allow illegal out of bound access</li>
        <li>S8215982: (tz) Upgrade time-zone data to tzdata2018i</li>
        <li>S8216597: SIGBUS in Java_sun_security_pkcs11_wrapper_PKCS11_getNativeKeyInfo after JDK-6913047</li>
        <li>S8216965: crash in freetypeScaler.c CopyBW2Grey8</li>
        <li>S8217359: C2 compiler triggers SIGSEGV after transformation in ConvI2LNode::Ideal</li>
        <li>S8217676: Upgrade libpng to 1.6.37</li>
        <li>S8217731: Font rendering and glyph spacing changed from jdk-8 to jdk-11</li>
        <li>S8217785: Padding ParallelTaskTerminator::_offered_termination variable</li>
        <li>S8217896: Make better use of LCPUs when building on AIX</li>
        <li>S8218201: Failures when vmIntrinsics::_getClass is not inlined</li>
        <li>S8218280: LineNumberReader throws "Mark invalid" exception if CRLF straddles buffer.</li>
        <li>S8218721: C1's CEE optimization produces safepoint poll with invalid debug information</li>
        <li>S8218780: Update MUSCLE PCSC-Lite header files</li>
        <li>S8218781: Localized names for Japanese era Reiwa in COMPAT provider</li>
        <li>S8218854: FontMetrics.getMaxAdvance may be less than the maximum FontMetrics.charWidth</li>
        <li>S8219517: assert(false) failed: infinite loop in PhaseIterGVN::optimize</li>
        <li>S8219807: C2 crash in IfNode::up_one_dom(Node*, bool)</li>
        <li>S8220072: GCC 8.3 reports errors in java.base</li>
        <li>S8220513: Wrapper Key may get deleted when closing sessions in SunPKCS11 crypto provider</li>
        <li>S8221263: [TEST_BUG] RemotePrinterStatusRefresh test is hard to use</li>
        <li>S8221304: Problem list java/awt/FontMetrics/MaxAdvanceIsMax.java</li>
        <li>S8221412: lookupPrintServices() does not always update the list of Windows remote printers</li>
        <li>S8222108: Reduce minRefreshTime for updating remote printer list on Windows</li>
        <li>S8222737: [TESTBUG] Allow for tier 1 like testing in OpenJDK 8u</li>
        <li>S8222980: Upgrade IANA Language Subtag Registry to Version 2019-04-03</li>
        <li>S8223177: Data race on JvmtiEnvBase::_tag_map in double-checked locking</li>
        <li>S8223219: Backport of JDK-8199552 to OpenJDK 8 leads to duplicate -fstack-protector flags, overriding --with-extra-cflags</li>
        <li>S8223227: Rename acquire_tag_map() to tag_map_acquire() in jvmtiEnvBase</li>
        <li>S8224560: (tz) Upgrade time-zone data to tzdata2019a</li>
        <li>S8224580: Matcher can cause oop field/array element to be reloaded</li>
        <li>S8225423: GTK L&amp;F: JSplitPane: There is no divider shown</li>
        <li>S8225425: java.lang.UnsatisfiedLinkError: net.dll: Can't find dependent libraries</li>
        <li>S8225580: tzdata2018i integration causes test failures on jdk-13</li>
        <li>S8225636: SA can't handle prelinked libraries</li>
        <li>S8226392: Launcher should not enable legacy stdio streams on GNU/Linux (glibc)</li>
        <li>S8226543: Reduce GC pressure during message digest calculations in password-based encryption</li>
        <li>S8226607: Inconsistent info between pcsclite.md and MUSCLE headers</li>
        <li>S8226798: JVM crash in klassItable::initialize_itable_for_interface(int, InstanceKlass*, bool, Thread*)</li>
        <li>S8226870: OpenJDK 8u JRE contains clhsdb and hsdb launchers</li>
        <li>S8226928: [TESTBUG] test/java/net/NetworkInterface/IPv4Only.java fails intermittently on AIX</li>
        <li>S8226964: [Yaru] GTK L&amp;F: There is no difference between menu selected and de-selected</li>
        <li>S8227018: CompletableFuture should not call Runtime.availableProcessors on fast path</li>
        <li>S8228405: Incorrect format strings in PhaseIdealLoop::rc_predicate</li>
        <li>S8228440: TestAESCiphers tests fail with "access denied" trying to access ArrayUtil</li>
        <li>S8228469: (tz) Upgrade time-zone data to tzdata2019b</li>
        <li>S8230085: (fs) FileStore::isReadOnly is always true on macOS Catalina</li>
        <li>S8231098: (tz) Upgrade time-zone data to tzdata2019c</li>
        <li>S8231463: Fix runtime/RedefineTests/RedefineDoubleDelete.java test in 8u</li>
      </ul>
    </div>

    <div class="anchor">
      <a href="#jdk8u222" class="anchor"><img src="dist/assets/anchor.png" alt="anchor icon"></a>
      <h2 class="bold"><button type="button" onclick="showHideReleaseNotes('jdk8u222_notes');">-/+</button> <a id="jdk8u222">OpenJDK 8u222 (1.8.0_222-b10)</a></h2>
      <h3 style="text-align: center;">(<a href="https://github.com/AdoptOpenJDK/openjdk8-upstream-binaries/releases/download/jdk8u222-b10/OpenJDK8U-sources_8u222b10.tar.gz">Upstream Source Tarball OpenJDK 8u222-b10</a>)</h3>
    </div>
    <div class="margin-bottom softHide" id="jdk8u222_notes">

      You can check the details of these bugs using the <a href="https://bugs.openjdk.java.net/browse/JDK-8227806?jql=project%20%3D%20JDK%20AND%20fixVersion%20%3D%20openjdk8u222%20ORDER%20BY%20created%20DESC" target="_blank">8u222</a> Fix Version filter in the JDK Bug System.

      <h3>Security fixes</h3>
      <ul>
        <li>S8191073: JpegImageReader throws IndexOutOfBoundsException when trying to read image data from tables-only image</li>
        <li>S8208698, CVE-2019-2745: Improved ECC Implementation</li>
        <li>S8212328, CVE-2019-2762: Exceptional throw cases</li>
        <li>S8213431, CVE-2019-2766: Improve file protocol handling</li>
        <li>S8213432, CVE-2019-2769: Better copies of CopiesList</li>
        <li>S8216381, CVE-2019-2786: More limited privilege usage</li>
        <li>S8217563: Improve realm maintenance</li>
        <li>S8218863: Better endpoint checks</li>
        <li>S8218873: Improve JSSE endpoint checking</li>
        <li>S8218876, CVE-2019-7317: Improve PNG support options</li>
        <li>S8219018: Adjust positions of glyphs</li>
        <li>S8219020: Table alternate substitutions</li>
        <li>S8219775: Certificate validation improvements</li>
        <li>S8220192: Better outlook for SecureRandom</li>
        <li>S8220517: Enhanced GIF support</li>
        <li>S8221518, CVE-2019-2816: Normalize normalization</li>
        <li>S8223511, CVE-2019-2842: Extended AES support</li>
      </ul>
      <h3>Other changes</h3>
      <ul>
        <li>S7100957: SOCKS proxying does not work with IPv6 connections</li>
        <li>S7102541: RFE: os::set_native_thread_name() cleanups</li>
        <li>S8019816: [TEST_BUG][macosx] closed/java/awt/BasicStroke/DashZeroWidth.java not on EDT</li>
        <li>S8022879: TEST_BUG: sun/nio/cs/MalformedSurrogates.java fails intermittently</li>
        <li>S8025209: Intermittent test failure java/net/Socket/asyncClose/AsyncClose.java</li>
        <li>S8030690: TEST_BUG java/nio/Buffer/Chars.java fails intermittently</li>
        <li>S8031113: TEST_BUG: java/nio/channels/AsynchronousChannelGroup/Basic.java fails intermittently</li>
        <li>S8031145: Re-examine closed i18n tests to see it they can be moved to the jdk repository.</li>
        <li>S8031563: TEST_BUG: java/nio/channels/Selector/ChangingInterests.java failed once</li>
        <li>S8031666: TEST_BUG: java/net/ipv6tests/UdpTest.java failed because of SocketTimeoutException</li>
        <li>S8040211: Update LSR datafile for BCP 47</li>
        <li>S8044289: In ImageIO.write() and ImageIO.read() null stream is not handled properly.</li>
        <li>S8048782: OpenJDK: PiscesCache : xmax/ymax rounding up can cause RasterFormatException</li>
        <li>S8055705: Rename UnixPrintServiceLookup and Win32PrintServiceLookup as a platform neutral class name</li>
        <li>S8055814: [TESTBUG] runtime/NMT/NMTWithCDS.java fails with product builds due to missing UnlockDiagnosticVMOptions</li>
        <li>S8059575: JEP-JDK-8043304: Test task: Tiered Compilation level transition tests</li>
        <li>S8073078: java/nio/file/FileStore/Basic.java sensitive to NFS configuration</li>
        <li>S8075939: Stream.flatMap() causes breaking of short-circuiting of terminal operations</li>
        <li>S8129988: JSSE should create a single instance of the cacerts KeyStore</li>
        <li>S8134030: test/serviceability/dcmd/gc/HeapDumpTest fails to verify the dump</li>
        <li>S8135248: Add utility methods to check indexes and ranges</li>
        <li>S8137231: sun/security/rsa/SpecTest.java timeout with Agent error: java.lang.Exception</li>
        <li>S8142493: Utility methods to check indexes and ranges doesn't specify behavior when function produces null</li>
        <li>S8143097: java/net/ipv6tests/UdpTest.java fails intermittently with "checkTime failed: got 1998 expected 4000"</li>
        <li>S8144332: HSDB could not terminate when close button is pushed.</li>
        <li>S8146458: Improve exception reporting for Objects.checkIndex/checkFromToIndex/checkFromIndexSize</li>
        <li>S8150013: ParNew: Prune nmethods scavengable list.</li>
        <li>S8151225: Mark SpecTest.java as intermittently failing</li>
        <li>S8151226: Mark UdpTest.java as intermittently failing</li>
        <li>S8151322: Implement os::set_native_thread_name() on Solaris</li>
        <li>S8151539: Remove duplicate AlwaysTrueClosures</li>
        <li>S8153732: Windows remote printer changes do not reflect in lookupPrintServices()</li>
        <li>S8154156: PPC64: improve array copy stubs by using vector instructions</li>
        <li>S8154387: Parallel unordered Stream.limit() tries to collect 128 elements even if limit is less</li>
        <li>S8155794: Move Objects.checkIndex BiFunction accepting methods to an internal package</li>
        <li>S8156035: Remove intermittent key from sun/security/rsa/SpecTest.java</li>
        <li>S8157287: java/nio/file/FileStore/Basic.java failed with "java.nio.file.AccessDeniedException : /zones/zoneone/root "</li>
        <li>S8157792: After Integrating tzdata2016d the test/sun/util/calendar/zi/TestZoneInfo310.java fails for "Asia/Oral" and "Asia/Qyzylorda" Timezones</li>
        <li>S8158232: PPC64: improve byte, int and long array copy stubs by using VSX instructions</li>
        <li>S8166684: PPC64: implement intrinsic code with vector instructions for Unsafe.copyMemory()</li>
        <li>S8171000: Robot.createScreenCapture() crashes in wayland mode</li>
        <li>S8173910: (fs) java/nio/file/FileSystem/Basic.java should conditionally check FileStores</li>
        <li>S8176100: [REDO][REDO] G1 Needs pre barrier on dereference of weak JNI handles</li>
        <li>S8176237: (fs) java/nio/file/FileStore/Basic.java should conditionally check FileStores</li>
        <li>S8177472: Remove hard-coded IANA Subtag Registry map in LocaleEquivalentMap.java</li>
        <li>S8179098: Crypto AES/ECB encryption/decryption performance regression (introduced in jdk9b73)</li>
        <li>S8181594: Efficient and constant-time modular arithmetic</li>
        <li>S8182999: SunEC throws ProviderException on invalid curves</li>
        <li>S8185969: PPC64: Improve VSR support to use up to 64 registers</li>
        <li>S8187946: Support ISO 4217 Amendments 163 and 164</li>
        <li>S8189131: Open-source the Oracle JDK Root Certificates</li>
        <li>S8189949: Remove Baltimore Cybertrust Code Signing CA</li>
        <li>S8190974: Parallel stream execution within a custom ForkJoinPool should obey the parallelism</li>
        <li>S8191031: Remove several Symantec Root CAs</li>
        <li>S8191404: Upgrading JDK with latest available LSR data from IANA.</li>
        <li>S8191844: Remove SECOM root (secomevrootca1)</li>
        <li>S8192854: FONTCONFIG_CFLAGS missing from spec.gmk.in</li>
        <li>S8193552: ISO 4217 amendment 165</li>
        <li>S8193830: Xalan Update: Xalan Java 2.7.2</li>
        <li>S8195478: sun/text/resources/LocaleDataTest.java fails with java.lang.Exception</li>
        <li>S8195774: Add Entrust root certificates</li>
        <li>S8195793: Remove GTE CyberTrust Global Root</li>
        <li>S8196141: Add GoDaddy root certificates</li>
        <li>S8196775: java/net/Socket/asyncClose/Race.java failed intermittently on Windows with ConnectException: Connection refused</li>
        <li>S8197546: Fix for 8171000 breaks Solaris + Linux builds</li>
        <li>S8199779: Add T-Systems, GlobalSign and Starfield services root certificates</li>
        <li>S8201317: X25519/X448 code improvements</li>
        <li>S8202026: ISO 4217 amendment 166</li>
        <li>S8202414: Unsafe write after primitive array creation may result in array length change</li>
        <li>S8202651: Test ComodoCA.java fails</li>
        <li>S8202768: [macos] Appkit thread slows when any Window Manager active</li>
        <li>S8202884: SA: Attach/detach might fail on Linux if debugee application create/destroy threads during attaching</li>
        <li>S8203190: SessionId.hashCode generates too many collisions</li>
        <li>S8203228: Branch-free output conversion for X25519 and X448</li>
        <li>S8203627: Swing applications with JRadioButton and JCheckbox fail to render correctly when using GTK3 and the GTK L&amp;F</li>
        <li>S8203872: Upgrading JDK with latest available LSR data from IANA.</li>
        <li>S8204269: ISO 4217 amendment 167</li>
        <li>S8204923: Restore Symantec root verisignclass2g2ca</li>
        <li>S8204929: Fonts with embedded bitmaps are not always rotated</li>
        <li>S8205916: [test] Fix jdk/tools/launcher/RunpathTest to handle both, RPATH and RUNPATH</li>
        <li>S8206955: MethodHandleProxies.asInterfaceInstance does not support default methods</li>
        <li>S8207760: SAXException: Invalid UTF-16 surrogate detected: d83c ?</li>
        <li>S8208648: ECC Field Arithmetic Enhancements</li>
        <li>S8208746: ISO 4217 Amendment #168 update</li>
        <li>S8209506: Add Google Trust Services GlobalSign root certificates</li>
        <li>S8209775: ISO 4217 Amendment #169 update</li>
        <li>S8209951: Problematic sparc intrinsic: com.sun.crypto.provider.CipherBlockChaining</li>
        <li>S8210153: localized currency symbol of VES</li>
        <li>S8210416: [linux] Poor StrictMath performance due to non-optimized compilation</li>
        <li>S8210425: [x86] sharedRuntimeTrig/sharedRuntimeTrans compiled without optimization</li>
        <li>S8210432: Add additional TeliaSonera root certificate</li>
        <li>S8210886: Remove references in xwindows.md to non-existent files.</li>
        <li>S8210985: Update the default SSL session cache size to 20480</li>
        <li>S8212202: [Windows] Exception if no printers are installed.</li>
        <li>S8213183: InputMethod cannot be used after its restarting</li>
        <li>S8213213: Remove src/java.desktop/unix/classes/sun/awt/X11/keysym2ucs.h</li>
        <li>S8213294: Upgrade IANA LSR data</li>
        <li>S8213825: assert(false) failed: Non-balanced monitor enter/exit! Likely JNI locking</li>
        <li>S8214109: XToolkit is not correctly displayed color on 16-bit high color setting</li>
        <li>S8214111: There is no icon in all JOptionPane target image</li>
        <li>S8214112: The whole text in target JPasswordField image are not selected</li>
        <li>S8214252: Expanded &amp; Collapsed nodes of a JTree look the same on GTK3</li>
        <li>S8214253: Tooltip is transparent rather than having a black background</li>
        <li>S8214765: All TrayIcon MessageType icons does not show up with gtk3 option set</li>
        <li>S8214770: java/time/test/java/time/format/TestNonIsoFormatter.java failed in non-english locales.</li>
        <li>S8214935: Upgrade IANA LSR data</li>
        <li>S8215982: (tz) Upgrade time-zone data to tzdata2018i</li>
        <li>S8216577: Add GlobalSign's R6 Root certificate</li>
        <li>S8217263: Automate DashOffset test</li>
        <li>S8217315: Proper units should print more significant digits</li>
        <li>S8217597: [TESTBUG] old version docker does not support --cpus</li>
        <li>S8218020: Back out accidental changes that belong elsewhere</li>
        <li>S8218020: Fix version number in mesa.md 3rd party legal file</li>
        <li>S8218152: [javac] fails and exits with no error if a bad annotation processor provided</li>
        <li>S8218469: JSlider display issue with slider for GTKLookAndFeel</li>
        <li>S8218470: JScrollBar display issue with GTKLookAndFeel</li>
        <li>S8218472: JProgressBar display issue with GTKLookAndFeel</li>
        <li>S8218473: JOptionPane display issue with GTKLookAndFeel</li>
        <li>S8218479: JTextPane display issue with GTKLookAndFeel</li>
        <li>S8218674: HTML Tooltip with "img=src" on component doesn't show</li>
        <li>S8219781: Localized names for Japanese era Reiwa in COMPAT provider</li>
        <li>S8220349: The fix done for JDK-8214253 have caused issues in JTree behaviour</li>
        <li>S8220495: Update GIFlib library to the 5.1.8</li>
        <li>S8220718: Missing ResourceMark in nmethod::metadata_do</li>
        <li>S8221263: [TEST_BUG] RemotePrinterStatusRefresh test is hard to use</li>
        <li>S8221412: lookupPrintServices() does not always update the list of Windows remote printers</li>
        <li>S8221789: make reconfigure broken (jdk8u only)</li>
        <li>S8222136: Remove two Comodo root CA certificates that are expiring</li>
        <li>S8222137: Remove T-Systems root CA certificate</li>
        <li>S8222670: pathological case of JIT recompilation and code cache bloat</li>
        <li>S8222965: Backport of JDK-8129988 broke the build</li>
        <li>S8222975: Fix 'release' file to reflect actual repo checkin used to compile JDK</li>
        <li>S8223499: Remove two DocuSign root certificates that are expiring</li>
        <li>S8223537: testlibrary_tests/ctw/ClassesListTest.java fails with Agent timeout frequently</li>
        <li>S8223555: Cleanups in cacerts tests</li>
        <li>S8223664: Add jtreg tests for 8223528, backport to jdk8u of 8176100</li>
        <li>S8223883: Fix jni.cpp copyright date after 8223528</li>
        <li>S8224560: (tz) Upgrade time-zone data to tzdata2019a</li>
        <li>S8224727: Problem list test security/infra/java/security/cert/CertPathValidator/certification/ActalisCA.java</li>
        <li>S8225065: Revert 8221166 (8u backport of 8048782)</li>
        <li>S8225580: tzdata2018i integration causes test failures on jdk-13</li>
        <li>S8225716: G1 GC: Undefined behaviour in G1BlockOffsetTablePart::block_at_or_preceding</li>
      </ul>
    </div>

    <div class="anchor">
      <a href="#jdk8u212-b04" class="anchor"><img src="dist/assets/anchor.png" alt="anchor icon"></a>
      <h2 class="bold"><button type="button" onclick="showHideReleaseNotes('jdk8u212-b04_notes');">-/+</button> <a id="jdk8u212">OpenJDK 8u212 (1.8.0_212-b04)</a></h2>
      <h3 style="text-align: center;">(<a href="https://github.com/AdoptOpenJDK/openjdk8-upstream-binaries/releases/download/jdk8u212-b04/OpenJDK8U-sources_8u212b04.tar.gz">Upstream Source Tarball OpenJDK 8u212-b04</a>)</h3>
    </div>
    <div class="margin-bottom softHide" id="jdk8u212-b04_notes">

      <h3>Other changes</h3>
      <ul>
        <li>S8221355: Performance regression after JDK-8155635 backport into 8u</li>
        <li>Shifted Win32 jvm.dll from server to client</li>
      </ul>
    </div>

    <div class="anchor">
      <a href="#jdk8u212" class="anchor"><img src="dist/assets/anchor.png" alt="anchor icon"></a>
      <h2 class="bold"><button type="button" onclick="showHideReleaseNotes('jdk8u212_notes');">-/+</button> <a id="jdk8u212">OpenJDK 8u212 (1.8.0_212-b03)</a></h2>
      <h3 style="text-align: center;">(<a href="https://github.com/AdoptOpenJDK/openjdk8-upstream-binaries/releases/download/jdk8u212-b03/OpenJDK8U-sources_8u212b03.tar.gz">Upstream Source Tarball OpenJDK 8u212-b03</a>)</h3>
    </div>
    <div class="margin-bottom softHide" id="jdk8u212_notes">

      You can check the details of these bugs using the <a href="https://bugs.openjdk.java.net/browse/JDK-8221955?jql=project%20%3D%20JDK%20AND%20fixVersion%20%3D%20openjdk8u212%20ORDER%20BY%20created%20DESC" target="_blank">8u212</a> Fix Version filter in the JDK Bug System.

      <h3>Security fixes</h3>
      <ul>
        <li>S8211936, CVE-2019-2602: Better String parsing</li>
        <li>S8218453, CVE-2019-2684: More dynamic RMI interactions</li>
        <li>S8219066, CVE-2019-2698: Fuzzing TrueType fonts: setCurrGlyphID()</li>
      </ul>
      <h3>Other changes</h3>
      <ul>
        <li>S7127191: SA JSDB does not display native symbols correctly for transported Linux cores</li>
        <li>S8027434: "-XX:OnOutOfMemoryError" uses fork instead of vfork</li>
        <li>S8028254: gc/arguments/TestMinInitialErgonomics.java failed with unexpected initial heap size</li>
        <li>S8029661: Support TLS v1.2 algorithm in SunPKCS11 provider</li>
        <li>S8042131: DateTimeFormatterBuilder Mapped-values do not work for JapaneseDate</li>
        <li>S8043387: java/time/test/java/util/TestFormatter.java failed.</li>
        <li>S8044047: Missing null pointer checks for streams</li>
        <li>S8059038: Create new launcher for SA tools</li>
        <li>S8065749: [TESTBUG]: gc/arguments/TestG1HeapRegionSize.java fails at nightly</li>
        <li>S8068269: RTM tests that assert on non-zero lock statistics are too strict in RTMTotalCountIncrRate &gt; 1 cases</li>
        <li>S8076164: [JTextField] When input too long Thai character, cursor's behavior is odd</li>
        <li>S8076274: [TESTBUG] Remove @ignore from runtime\NMT\JcmdDetailDiff.java</li>
        <li>S8076458: java/util/stream/test/org/openjdk/tests/java/util/stream/FlatMapOpTest.java timeout</li>
        <li>S8077608: [TESTBUG] Enable Hotspot jtreg tests to run in agentvm mode</li>
        <li>S8080932: [TEST_BUG] Test java/awt/BasicStroke/DashStrokeTest.java fails with Bad script error due to improper @run notation</li>
        <li>S8129822: Define "headful" jtreg keyword</li>
        <li>S8132136: [PIT] RTL orientation in JEditorPane is broken</li>
        <li>S8132985: Crash in freetypescaler.c due to double free</li>
        <li>S8133108: [PIT] Container size is wrong in JEditorPane</li>
        <li>S8133731: [TEST_BUG] Unmappable in ASCII character such as Thai should be escaped in the regtests targeted for a regular non-I18n runs</li>
        <li>S8133802: replace some &lt;tt&gt; tags (obsolete in html5) in security-libs docs</li>
        <li>S8133984: print_compressed_class_space() is only defined in 64-bit VM</li>
        <li>S8139803: Fix for 8132985 breaks OpenJDK build on windows.</li>
        <li>S8141491: Unaligned memory access in Bits.c</li>
        <li>S8145096: Undefined behaviour in HotSpot</li>
        <li>S8148928: java/util/stream/test/**/SequentialOpTest.java timed out intermittently</li>
        <li>S8164656: krb5 does not retry if TCP connection timeouts</li>
        <li>S8170681: Remove fontconfig header files from JDK source tree</li>
        <li>S8175120: Remove old tests on kdc timeout policy</li>
        <li>S8180469: Wrong short form text for supplemental Japanese era</li>
        <li>S8180904: Hotspot tests running with -agentvm failing due to classpath</li>
        <li>S8184309: Build warnings from GCC 7.1 on Fedora 26</li>
        <li>S8185975: PPC64: Fix vsldoi interface according to the ISA</li>
        <li>S8187364: Unable to enter zero width non-joiner (ZWNJ) symbol in Swing text component</li>
        <li>S8189761: COMPANY_NAME, IMPLEMENTOR, BUNDLE_VENDOR, VENDOR, but no configure flag</li>
        <li>S8193764: Cannot set COMPANY_NAME when configuring a build</li>
        <li>S8195153: [test] runtime/6981737/Test6981737.java shouldn't check 'java.vendor' and 'java.vm.vendor' properties</li>
        <li>S8197429: Increased stack guard causes segfaults on x86-32</li>
        <li>S8200109: NMT: diff_malloc_site assert(early-&gt;flags() == current-&gt;flags(), "Must be the same memory type")</li>
        <li>S8200115: System property java.vm.vendor value includes quotation marks</li>
        <li>S8202088: Japanese new era implementation</li>
        <li>S8204142: AWT hang occurs when sequenced events arrive out of sequence in multiple AppContexts</li>
        <li>S8205432: Replace the placeholder Japanese era name</li>
        <li>S8206075: On x86, assert on unbound assembler Labels used as branch targets</li>
        <li>S8206120: Add test cases for lenient Japanese era parsing</li>
        <li>S8207070: Webstart app popup on wrong screen in a one-screen setup changing to multi-monitor</li>
        <li>S8207152: Placeholder for Japanese new era should be two characters</li>
        <li>S8207258: Distrust TLS server certificates anchored by Symantec Root CAs</li>
        <li>S8208480: Test failure: assert(is_bound() || is_unused()) after JDK-8206075 in C1</li>
        <li>S8208656: Move java/util/Calendar/CalendarTestScripts tests into OpenJDK</li>
        <li>S8210633: Cannot parse JapaneseDate string with DateTimeFormatterBuilder Mapped-values</li>
        <li>S8210647: libsaproc is being compiled without optimization</li>
        <li>S8211106: [windows] Update OS detection code to recognize Windows Server 2019</li>
        <li>S8211231: BarrierSetC1::generate_referent_check() confuses register allocator</li>
        <li>S8211382: ISO2022JP and GB18030 NIO converter issues</li>
        <li>S8211398: Square character support for the Japanese new era</li>
        <li>S8211435: Exception in thread "AWT-EventQueue-1" java.lang.IllegalArgumentException: null source</li>
        <li>S8211926: Catastrophic size_t underflow in BitMap::*_large methods</li>
        <li>S8212110: Build of saproc.dll broken on Windows 32 bit after JDK-8210647</li>
        <li>S8212178: Soft reference reclamation race in com.sun.xml.internal.stream.util.ThreadLocalBufferAllocator</li>
        <li>S8212914: Test javax/imageio/plugins/bmp/BMP8BPPLoadTest.java fails</li>
        <li>S8212941: Support new Japanese era in java.time.chrono.JapaneseEra</li>
        <li>S8213151: [AIX] Some class library files are missing the Classpath exception</li>
        <li>S8213154: Update copyright headers of files in src tree that are missing Classpath exception</li>
        <li>S8213419: C2 may hang in MulLNode::Ideal()/MulINode::Ideal() with gcc 8.2.1</li>
        <li>S8213583: Error while opening the JFileChooser when desktop contains shortcuts pointing to deleted files.</li>
        <li>S8213952: Relax DNSName restriction as per RFC 1123</li>
        <li>S8213983: [macosx] Keyboard shortcut cmd +` stops working properly if popup window is displayed</li>
        <li>S8213992: Rename and make DieOnSafepointTimeout the diagnostic option</li>
        <li>S8214059: Undefined behaviour in ADLC</li>
        <li>S8214061: Buffer written into itself</li>
        <li>S8214189: test/hotspot/jtreg/compiler/intrinsics/mathexact/MulExactLConstantTest.java fails on Windows x64 when run with -XX:-TieredCompilation</li>
        <li>S8214206: Fix for JDK-8213419 is broken on 32-bit</li>
        <li>S8215364: JavaFX crashes on Ubuntu 18.04 with Wayland while using Swing-FX interop</li>
        <li>S8215934: G1 Old Gen MemoryPool CollectionUsage.used values don't reflect mixed GC results</li>
        <li>S8215976: Fix gmtime_r declaration conflicts in zip.cpp with linux header files</li>
        <li>S8216037: Avoid calling vm_update with a NULL name</li>
        <li>S8216058: [TESTBUG] tools/launcher/VersionCheck.java fails after JDK-8215992</li>
        <li>S8216396: Support new Japanese era and new currency code points in java.lang.Character for Java SE 8</li>
        <li>S8217305: Missing 0 in java.dll file version cause issues with patch management software</li>
        <li>S8217432: MetaspaceGC::_capacity_until_GC exceeds MaxMetaspaceSize</li>
        <li>S8217520: Remove vm.opt.MaxGCPauseMillis == "null" from TestOldGenCollectionUsage.java</li>
        <li>S8217579: TLS_EMPTY_RENEGOTIATION_INFO_SCSV is disabled after 8211883</li>
        <li>S8217609: New era placeholder not recognized by java.text.SimpleDateFormat</li>
        <li>S8217710: Add 5 currency code points to Java SE 8uX</li>
        <li>S8217753: Enable HotSpot builds on 5.x Linux kernels</li>
        <li>S8218613: [TESTBUG] runtime/ErrorHandling tests are building incorrect testlibrary classes</li>
        <li>S8218915: Change isJavaIdentifierStart and isJavaIdentifierPart to handle new code points</li>
        <li>S8219636: Windows build failure after JDK-8207070 8u backport</li>
        <li>S8219890: Calendar.getDisplayName() returns empty string for new Japanese Era on some locales</li>
        <li>S8219961: [ppc64] Increase code size for interpreter generation.</li>
        <li>S8220397: REGRESSION: JDK-8036003 backport regresses no_strip builds</li>
        <li>S8220641: [TESTBUG] New test KdcPolicy.java introduced by JDK-8164656 needs same change as JDK-8190690</li>
      </ul>

    </div>

    <div class="anchor">
      <a href="#jdk11_0_9" class="anchor"><img src="dist/assets/anchor.png" alt="anchor icon"></a>
      <h2 class="bold"><button type="button" onclick="showHideReleaseNotes('jdk11_0_9_notes');">-/+</button> <a id="jdk11_0_9">OpenJDK 11.0.9 (11.0.8+11)</a></h2>
      <h3 style="text-align: center;">(<a href="https://github.com/AdoptOpenJDK/openjdk11-upstream-binaries/releases/download/jdk-11_0_9%2B11/OpenJDK11U-sources_11.0.9_11.tar.gz">Upstream Source Tarball OpenJDK 11.0.9+11</a>)</h3>
    </div>
    <div class="margin-bottom softHide" id="jdk11_0_9_notes">
      For jdk11_0_9+11 fixes see <a href="https://foojay.io/java-11/?quarter=102020&tab=allissues&version=11.0.9" target="_blank">Combined CVE and JDK bug view</a> at foojay.io.
      Please note you may not have permission to click through to the JBS bug itself, in which case you'll need to read the CVE directly.
    </div>

    <div class="anchor">
      <a href="#jdk11_0_8" class="anchor"><img src="dist/assets/anchor.png" alt="anchor icon"></a>
      <h2 class="bold"><button type="button" onclick="showHideReleaseNotes('jdk11_0_8_notes');">-/+</button> <a id="jdk11_0_8">OpenJDK 11.0.8 (11.0.8+10)</a></h2>
      <h3 style="text-align: center;">(<a href="https://github.com/AdoptOpenJDK/openjdk11-upstream-binaries/releases/download/jdk-11_0_8%2B10/OpenJDK11U-sources_11.0.8_10.tar.gz">Upstream Source Tarball OpenJDK 11.0.8+10</a>)</h3>
    </div>
    <div class="margin-bottom softHide" id="jdk11_0_8_notes">
      For jdk11_0_8+10 fixes see <a href="https://foojay.io/java-11/?quarter=072020&tab=allissues&version=11.0.8" target="_blank">Combined CVE and JDK bug view</a> at foojay.io.
      Please note you may not have permission to click through to the JBS bug itself, in which case you'll need to read the CVE directly.
    </div>

    <div class="anchor">
      <a href="#jdk11_0_7" class="anchor"><img src="dist/assets/anchor.png" alt="anchor icon"></a>
      <h2 class="bold"><button type="button" onclick="showHideReleaseNotes('jdk11_0_7_notes');">-/+</button> <a id="jdk11_0_7">OpenJDK 11.0.7 (11.0.7+10)</a></h2>
      <h3 style="text-align: center;">(<a href="https://github.com/AdoptOpenJDK/openjdk11-upstream-binaries/releases/download/jdk-11.0.7%2B10/OpenJDK11U-sources_11.0.7_10.tar.gz">Upstream Source Tarball for OpenJDK 11.0.7+10</a>)</h3>
    </div>
    <div class="margin-bottom softHide" id="jdk11_0_7_notes">

      You can check the details of these bugs using the <a href="https://bugs.openjdk.java.net/browse/JDK-8227015?jql=project%20%3D%20JDK%20AND%20fixVersion%20%3D%2011.0.7%20ORDER%20BY%20created%20DESC" target="_blank">11.0.7</a> Fix Version filter in the JDK Bug System.

      <h3>Security fixes</h3>
      <ul>
        <li>JDK-8223898, CVE-2020-2754: Forward references to Nashorn</li>
        <li>JDK-8223904, CVE-2020-2755: Improve Nashorn matching</li>
        <li>JDK-8224541, CVE-2020-2756: Better mapping of serial ENUMs</li>
        <li>JDK-8224549, CVE-2020-2757: Less Blocking Array Queues</li>
        <li>JDK-8225603: Enhancement for big integers</li>
        <li>JDK-8226346: Build better binary builders</li>
        <li>JDK-8227467: Better class method invocations</li>
        <li>JDK-8227542: Manifest improved jar headers</li>
        <li>JDK-8229733: TLS message handling improvements</li>
        <li>JDK-8231415, CVE-2020-2773: Better signatures in XML</li>
        <li>JDK-8231785: Improved socket permissions</li>
        <li>JDK-8232424, CVE-2020-2778: More constrained algorithms</li>
        <li>JDK-8232581, CVE-2020-2767: Improve TLS verification</li>
        <li>JDK-8233250: Better X11 rendering</li>
        <li>JDK-8233410: Better Build Scripting</li>
        <li>JDK-8234027: Better JCEKS key support</li>
        <li>JDK-8234408, CVE-2020-2781: Improve TLS session handling</li>
        <li>JDK-8234825, CVE-2020-2800: Better Headings for HTTP Servers</li>
        <li>JDK-8234841, CVE-2020-2803: Enhance buffering of byte buffers</li>
        <li>JDK-8235274, CVE-2020-2805: Enhance typing of methods</li>
        <li>JDK-8235691, CVE-2020-2816: Enhance TLS connectivity</li>
        <li>JDK-8236201, CVE-2020-2830: Better Scanner conversions</li>
        <li>JDK-8238960: linux-i586 builds are inconsistent as the newly build jdk is not able to reserve enough space for object heap</li>
      </ul>
      <h3>Other changes</h3>
      <ul>
        <li>JDK-4919790: Errors in alert ssl message does not reflect the actual certificate status</li>
        <li>JDK-4949105: Access Bridge lacks html tags parsing</li>
        <li>JDK-7092821: java.security.Provider.getService() is synchronized and became scalability bottleneck</li>
        <li>JDK-7143743: Potential memory leak with zip provider</li>
        <li>JDK-8005819: Support cross-realm MSSFU</li>
        <li>JDK-8042383: [TEST_BUG] Test javax/swing/plaf/basic/BasicMenuUI/4983388/bug4983388.java fails with shortcuts on menus do not work</li>
        <li>JDK-8068184: Fix for JDK-8032832 caused a deadlock</li>
        <li>JDK-8145845: [AOT] NullPointerException in compiler/whitebox/GetCodeHeapEntriesTest.java</li>
        <li>JDK-8152988: [AOT] Update test batch definitions to include aot-ed java.base module mode into hs-comp testing</li>
        <li>JDK-8160926: FLAGS_COMPILER_CHECK_ARGUMENTS doesn't handle cross-compilation</li>
        <li>JDK-8163083: SocketListeningConnector does not allow invocations with port 0</li>
        <li>JDK-8163251: Hard coded loop limit prevents reading of smart card data greater than 8k</li>
        <li>JDK-8167276: jvmci/compilerToVM/MaterializeVirtualObjectTest.java fails with -XX:-EliminateAllocations</li>
        <li>JDK-8169718: nsk/jdb/locals/locals002: ERROR: Cannot find boolVar with expected value: false</li>
        <li>JDK-8176556: java/awt/dnd/ImageTransferTest/ImageTransferTest.java fails for JFIF</li>
        <li>JDK-8178798: Two compiler/aot/verification/vmflags tests fail by timeout with UseAVX=3</li>
        <li>JDK-8183107: PKCS11 regression regarding checkKeySize</li>
        <li>JDK-8185005: Improve performance of ThreadMXBean.getThreadInfo(long ids[], int maxDepth)</li>
        <li>JDK-8189633: Missing -Xcheck:jni checking for DeleteWeakGlobalRef</li>
        <li>JDK-8189861: Refactor CacheFind</li>
        <li>JDK-8193042: NativeLookup::lookup_critical_entry() should only load shared library once</li>
        <li>JDK-8193596: java/net/DatagramPacket/ReuseBuf.java failed due to timeout</li>
        <li>JDK-8194944: Regression automated test 'open/test/jdk/javax/swing/JInternalFrame/8145896/TestJInternalFrameMaximize.java' fails</li>
        <li>JDK-8196467: javax/swing/JInternalFrame/Test6325652.java fails</li>
        <li>JDK-8196969: JTreg Failure: serviceability/sa/ClhsdbJstack.java causes NPE</li>
        <li>JDK-8198321: javax/swing/JEditorPane/5076514/bug5076514.java fails</li>
        <li>JDK-8198398: Test javax/swing/JColorChooser/Test6199676.java fails in mach5</li>
        <li>JDK-8199072: Test javax/swing/GroupLayout/6613904/bug6613904.java is unstable</li>
        <li>JDK-8200432: javadoc fails with ClassCastException on {@link byte[]}</li>
        <li>JDK-8201349: build broken when configured with --with-zlib=bundled on gcc 7.3</li>
        <li>JDK-8201355: Avoid native memory allocation in sun.security.mscapi.PRNG.generateSeed</li>
        <li>JDK-8201513: nsk/jvmti/IterateThroughHeap/filter-* are broken</li>
        <li>JDK-8203364: Some serviceability/sa/ tests intermittently fail with java.io.IOException: LingeredApp terminated with non-zero exit code 3</li>
        <li>JDK-8203687: javax/net/ssl/compatibility/Compatibility.java supports TLS 1.3</li>
        <li>JDK-8203904: javax/swing/JSplitPane/4816114/bug4816114.java: The divider location is wrong</li>
        <li>JDK-8203911: Test runtime/modules/getModuleJNI/GetModule fails with -Xcheck:jni</li>
        <li>JDK-8204525: [TESTBUG] runtime/NMT/MallocStressTest.java ran out of java heap</li>
        <li>JDK-8204529: gc/TestAllocateHeapAtMultiple.java fail with Agent 7 timed out</li>
        <li>JDK-8204551: Event descriptions are truncated in logs</li>
        <li>JDK-8206963: [AOT] bug with multiple class loaders</li>
        <li>JDK-8207367: 10 vmTestbase/nsk/jdi tests timed out when running with jtreg</li>
        <li>JDK-8207832: serviceability/sa/ClhsdbCDSCore.java failed with "Couldn't find core file location"</li>
        <li>JDK-8207938: At step6,Click Add button,case failed automatically.</li>
        <li>JDK-8208157: requires.VMProps throws NPE for missing properties in "release" file</li>
        <li>JDK-8208379: compiler/jvmci/events/JvmciNotifyInstallEventTest.java failed with "Got unexpected event count after 2nd install attempt: expected 9 to equal 2"</li>
        <li>JDK-8208658: Make CDS archived heap regions usable even if compressed oop encoding has changed</li>
        <li>JDK-8208715: Conversion of milliseconds to nanoseconds in UNIXProcess contains bug</li>
        <li>JDK-8209361: [AOT] Unexpected number of references for JVMTI_HEAP_REFERENCE_CONSTANT_POOL [111-->111]: 0 (expected at least 1)</li>
        <li>JDK-8209385: CDS runtime classpath checking is too strict when only classes from the system modules are archived</li>
        <li>JDK-8209389: SIGSEGV in WalkOopAndArchiveClosure::do_oop_work.</li>
        <li>JDK-8209418: Synchronize test/jdk/sanity/client/lib/jemmy with code-tools/jemmy/v2</li>
        <li>JDK-8209494: Create a test for SwingSet InternalFrameDemo</li>
        <li>JDK-8209499: Create test for SwingSet EditorPaneDemo</li>
        <li>JDK-8209574: [AOT] breakpoint events are generated in different threads does not meet expected count</li>
        <li>JDK-8209686: cleanup arguments to PhaseIdealLoop() constructor</li>
        <li>JDK-8209789: Synchronize test/jdk/sanity/client/lib/jemmy with code-tools/jemmy/v2</li>
        <li>JDK-8209802: Garbage collectors should register JFR types themselves to avoid build errors.</li>
        <li>JDK-8209807: improve handling exception in requires.VMProps</li>
        <li>JDK-8209817: stack is executable when building with Clang on Linux</li>
        <li>JDK-8209824: Improve the code coverage for ThreadLocal</li>
        <li>JDK-8209826: Undefined reference to os::write after JDK-8209657 (filemap.hpp cleanup)</li>
        <li>JDK-8209850: Allow NamedThreads to use GlobalCounter critical sections</li>
        <li>JDK-8209976: Improve iteration over non-JavaThreads</li>
        <li>JDK-8209993: Create a test for SwingSet3 ToolTipDemo</li>
        <li>JDK-8210024: JFR calls virtual is_Java_thread from ~Thread()</li>
        <li>JDK-8210052: Enable testing for all the available look and feels in SwingSet3 demo tests</li>
        <li>JDK-8210055: Enable different look and feel tests in SwingSet3 demo tests</li>
        <li>JDK-8210057: Enable different look and feels in SwingSet3 demo test InternalFrameDemoTest</li>
        <li>JDK-8210058: Algorithmic Italic font leans opposite angle in Printing</li>
        <li>JDK-8210220: [AOT] jdwp test cases are failing with error # ERROR: TEST FAILED: Cought IOException while receiving event packet</li>
        <li>JDK-8210289: ArchivedKlassSubGraphInfoRecord is incomplete</li>
        <li>JDK-8210459: Add support for generating compile_commands.json</li>
        <li>JDK-8210476: sun/security/mscapi/PrngSlow.java fails with Still too slow</li>
        <li>JDK-8210512: [Testbug] vmTestbase/nsk/jdi/ObjectReference/referringObjects/referringObjects002/referringObjects002.java fails with unexpected size of ClassLoaderReference.referringObjects</li>
        <li>JDK-8210523: runtime/appcds/cacheObject/DifferentHeapSizes.java crash</li>
        <li>JDK-8210632: Add key exchange algorithm to javax/net/ssl/TLSCommon/CipherSuite.java</li>
        <li>JDK-8210699: Problem list tests which times out in Xcomp mode</li>
        <li>JDK-8210793: [JVMCI] AllocateCompileIdTest.java failed to find DiagnosticCommand.class</li>
        <li>JDK-8210910: Create test for FileChooserDemo</li>
        <li>JDK-8210994: Create test for SwingSet3 FrameDemo</li>
        <li>JDK-8211139: Increase timeout value in all tests under jdk/sanity/client/SwingSet/src</li>
        <li>JDK-8211160: Handle different look and feels in JInternalFrameOperator</li>
        <li>JDK-8211211: vmTestbase/metaspace/stressDictionary/StressDictionary.java timeout</li>
        <li>JDK-8211322: Reduce the timeout of tooltip in SwingSet2DemoTest</li>
        <li>JDK-8211443: Enable different look and feels in SwingSet3 demo test SplitPaneDemoTest</li>
        <li>JDK-8211703: JInternalFrame : java.lang.AssertionError: cannot find the internal frame</li>
        <li>JDK-8211781: re-building fails after changing Graal sources</li>
        <li>JDK-8212897: Some improvements in the EditorPaneDemotest</li>
        <li>JDK-8212903: [TestBug] Tests test/jdk/javax/swing/LookAndFeel/8145547/DemandGTK2.sh and DemandGTK3.sh fail on Ubuntu 18.04 LTS</li>
        <li>JDK-8213009: Refactoring existing SunMSCAPI classes</li>
        <li>JDK-8213010: Supporting keys created with certmgr.exe</li>
        <li>JDK-8213168: Enable different look and feel tests in SwingSet3 demo test FileChooserDemoTest</li>
        <li>JDK-8213348: jdk.internal.vm.compiler.management service providers missing in module descriptor</li>
        <li>JDK-8213906: Update arm devkits with libXrandr headers</li>
        <li>JDK-8213908: AssertionError in DeferredAttr at setOverloadKind</li>
        <li>JDK-8214124: [TESTBUG] Bugs in runtime/NMT/MallocStressTest.java</li>
        <li>JDK-8214344: C2: assert(con.basic_type() != T_ILLEGAL) failed: elembt=byte; loadbt=void; unsigned=0</li>
        <li>JDK-8214345: infinite recursion while checking super class</li>
        <li>JDK-8214471: Enable different look and feel tests in SwingSet3 demo test ToolTipDemoTest</li>
        <li>JDK-8214534: Setting of THIS_FILE in the build is broken</li>
        <li>JDK-8214557: Filter out VM flags which don't affect AOT code generation</li>
        <li>JDK-8214578: [macos] Problem with backslashes on macOS/JIS keyboard: Java ignores system settings</li>
        <li>JDK-8214840: runtime/NMT/MallocStressTest.java timed out</li>
        <li>JDK-8214850: Rename vm_operations.?pp files to vmOperations.?pp files</li>
        <li>JDK-8214904: Test8004741.java failed due to "Too few ThreadDeath hits; expected at least 6 but saw only 5"</li>
        <li>JDK-8215322: add @file support to jaotc</li>
        <li>JDK-8215355: Object monitor deadlock with no threads holding the monitor (using jemalloc 5.1)</li>
        <li>JDK-8215396: JTabbedPane preferred size calculation is wrong for SCROLL_TAB_LAYOUT</li>
        <li>JDK-8216180: [AOT] compiler/intrinsics/bigInteger/TestMulAdd.java crashed with AOT enabled</li>
        <li>JDK-8216353: Use utility APIs introduced in org/netbeans/jemmy/util/LookAndFeel class in client sanity test cases</li>
        <li>JDK-8216354: Syntax error in toolchain_windows.m4</li>
        <li>JDK-8216472: (se) Stack overflow during selection operation leads to crash (win)</li>
        <li>JDK-8216535: tools/jimage/JImageExtractTest.java timed out</li>
        <li>JDK-8217235: Create automated test for SwingSet ColorChooserDemoTest</li>
        <li>JDK-8217297: Add support for multiple look and feel for SwingSet SliderDemoTest</li>
        <li>JDK-8217338: [Containers] Improve systemd slice memory limit support</li>
        <li>JDK-8217613: [AOT] TEST_OPTS_AOT_MODULES doesn't work on mac</li>
        <li>JDK-8217634: RunTest documentation and usability update</li>
        <li>JDK-8217717: ZGC: Broken oop map in C1 load barrier stub</li>
        <li>JDK-8217728: Speed up incremental rerun of "make hotspot"</li>
        <li>JDK-8218268: Javac treats Manifest Class-Path entries as Paths instead of URLs</li>
        <li>JDK-8218662: Allow 204 responses with Content-Length:0</li>
        <li>JDK-8218882: NET_Writev is declared, NET_WriteV is defined</li>
        <li>JDK-8218889: Improperly use of the Optional API</li>
        <li>JDK-8219205: JFR file without license header</li>
        <li>JDK-8219597: (bf) Heap buffer state changes could provoke unexpected exceptions</li>
        <li>JDK-8219723: javax/net/ssl/compatibility/Compatibility.java failed on some SNI cases</li>
        <li>JDK-8220348: [ntintel] asserts about copying unaligned array</li>
        <li>JDK-8220451: jdi/EventQueue/remove/remove004 failed due to "ERROR: thread2 is not alive"</li>
        <li>JDK-8220456: jdi/EventQueue/remove_l/remove_l004 failed due to "TIMEOUT while waiting for event"</li>
        <li>JDK-8220479: java/nio/channels/Selector/SelectWithConsumer.java failed at testTwoChannels()</li>
        <li>JDK-8220613: java/util/Arrays/TimSortStackSize2.java times out with fastdebug build</li>
        <li>JDK-8220688: [TESTBUG] runtime/NMT/MallocStressTest.java timed out</li>
        <li>JDK-8220786: Create new switch to redirect error reporting output to stdout or stderr</li>
        <li>JDK-8221270: Duplicated synchronized keywords in SSLSocketImpl</li>
        <li>JDK-8221312: test/jdk/sanity/client/SwingSet/src/ColorChooserDemoTest.java failed</li>
        <li>JDK-8221851: Use of THIS_FILE in hotspot invalidates precompiled header on Linux/GCC</li>
        <li>JDK-8221885: Add intermittent test in the JavaSound to the ProblemList</li>
        <li>JDK-8222264: Windows incremental build is broken with JDK-8217728</li>
        <li>JDK-8222391: javax/net/ssl/compatibility/Compatibility.java should be more flexible</li>
        <li>JDK-8222448: java/lang/reflect/PublicMethods/PublicMethodsTest.java times out</li>
        <li>JDK-8222519: ButtonDemoScreenshotTest fails randomly with "still state to be reached"</li>
        <li>JDK-8222741: jdi/EventQueue/remove/remove004 fails due to VMDisconnectedException</li>
        <li>JDK-8223003: SunMSCAPI keys are not cleaned up</li>
        <li>JDK-8223063: Support CNG RSA keys</li>
        <li>JDK-8223158: Docked MacBook cannot start any Java Swing applications</li>
        <li>JDK-8223260: NamingManager should cache InitialContextFactory</li>
        <li>JDK-8223464: Improve version string for Oracle CI builds</li>
        <li>JDK-8223558: Java does not render Myanmar script correctly</li>
        <li>JDK-8223627: jdk-13+20 bundle name contains null instead of ea</li>
        <li>JDK-8223638: Replace wildcard address with loopback or local host in tests - part 6</li>
        <li>JDK-8223678: Add Visual Studio Code workspace generation support (for native code)</li>
        <li>JDK-8223727: com/sun/jndi/ldap/privconn/RunTest.java failed due to hang in LdapRequest.getReplyBer</li>
        <li>JDK-8223769: Assert triggers with -XX:+StressReflectiveCode</li>
        <li>JDK-8224187: Refactor arraycopy_prologue to allow ZGC read barriers on arraycopy</li>
        <li>JDK-8224475: JTextPane does not show images in HTML rendering</li>
        <li>JDK-8224673: Adjust permission for delayed starting of debugging</li>
        <li>JDK-8224705: Tests that need to be problem-listed or have printer resources</li>
        <li>JDK-8224778: test/jdk/demo/jfc/J2Ddemo/J2DdemoTest.java cannot find J2Ddemo.jar</li>
        <li>JDK-8224821: java/awt/Focus/NoAutotransferToDisabledCompTest/NoAutotransferToDisabledCompTest.java fails linux-x64</li>
        <li>JDK-8224830: test/jdk/java/awt/Focus/ModalExcludedWindowClickTest/ModalExcludedWindowClickTest.java fails on linux-x64</li>
        <li>JDK-8224851: AArch64: fix warnings and errors with Clang and GCC 8.3</li>
        <li>JDK-8224905: java/lang/ProcessBuilder/Basic.java#id1 failed with stream closed</li>
        <li>JDK-8225007: java/awt/print/PrinterJob/LandscapeStackOverflow.java may hang</li>
        <li>JDK-8225105: java/awt/Focus/ShowFrameCheckForegroundTest/ShowFrameCheckForegroundTest.java fails in Windows 10</li>
        <li>JDK-8225117: java/math/BigInteger/SymmetricRangeTests.java fails with ParseException</li>
        <li>JDK-8225128: Add exception for expiring DocuSign root to VerifyCACerts test</li>
        <li>JDK-8225130: Add exception for expiring Comodo roots to VerifyCACerts test</li>
        <li>JDK-8225144: [macos] In Aqua L&F backspace key does not delete when Shift is pressed</li>
        <li>JDK-8225180: SignedObject with invalid Key not throwing the InvalidKeyException in Windows</li>
        <li>JDK-8225182: JNI exception pending in DestroyXIMCallback of awt_InputMethod.c:1327</li>
        <li>JDK-8225199: [Graal] compiler/jvmci/compilerToVM/IsMatureVsReprofileTest.java fails with -XX:CompileThresholdScaling=0.1</li>
        <li>JDK-8225305: ProblemList java/lang/invoke/VarHandles tests</li>
        <li>JDK-8225350: compiler/jvmci/compilerToVM/IsCompilableTest.java timed out</li>
        <li>JDK-8225430: Replace wildcard address with loopback or local host in tests - part 14</li>
        <li>JDK-8225435: Upgrade IANA Language Subtag Registry to the latest for JDK14</li>
        <li>JDK-8225487: giflib legal file is missing attribution for openbsd-reallocarray.c</li>
        <li>JDK-8225567: Wrong file headers with 8202414 fix changeset</li>
        <li>JDK-8225684: [AOT] vmTestbase/vm/oom/production/AlwaysOOMProduction tests fail with AOTed java.base</li>
        <li>JDK-8225766: Curve in certificate should not affect signature scheme when using TLSv1.3</li>
        <li>JDK-8225797: OldObjectSample event creates unexpected amount of checkpoint data</li>
        <li>JDK-8226381: ProblemList java/lang/reflect/PublicMethods/PublicMethodsTest.java</li>
        <li>JDK-8226406: JVM fails to detect mismatched or corrupt CDS archive</li>
        <li>JDK-8226608: Hide the onjcmd option from the help output</li>
        <li>JDK-8226892: ActionListeners on JRadioButtons don't get notified when selection is changed with arrow keys</li>
        <li>JDK-8227112: exclude compiler/intrinsics/sha/sanity tests from AOT runs</li>
        <li>JDK-8227324: Upgrade to freetype 2.10.1</li>
        <li>JDK-8227528: TestAbortVMOnSafepointTimeout.java failed due to "RuntimeException: 'Safepoint sync time longer than' missing from stdout/stderr"</li>
        <li>JDK-8227645: Some tests in serviceability/sa run with fixed -Xmx values and risk running out of memory</li>
        <li>JDK-8227646: [TESTBUG] appcds/SharedArchiveConsistency timed out</li>
        <li>JDK-8227662: freetype seeks to index at the end of the font data</li>
        <li>JDK-8228479: Correct the format of ColorChooserDemoTest</li>
        <li>JDK-8228613: java.security.Provider#getServices order is no longer deterministic</li>
        <li>JDK-8228969: 2019-09-28 public suffix list update</li>
        <li>JDK-8229236: CriticalJNINatives: dll handling should be done in native thread state</li>
        <li>JDK-8229345: Memory leak due to vtable stubs not being shared on SPARC</li>
        <li>JDK-8229888: (zipfs) Updating an existing zip file does not preserve original permissions</li>
        <li>JDK-8229994: assert(false) failed: Bad graph detected in get_early_ctrl_for_expensive</li>
        <li>JDK-8230004: jdk/internal/jimage/JImageOpenTest.java runs no test</li>
        <li>JDK-8230235: Rendering HTML with empty img attribute and documentBaseKey cause Exception</li>
        <li>JDK-8230390: Problemlist SA tests with AOT</li>
        <li>JDK-8230400: Missing constant pool entry for a method in stacktrace</li>
        <li>JDK-8230459: Test failed to resume JVMCI CompilerThread</li>
        <li>JDK-8230480: check malloc/calloc results in java.desktop</li>
        <li>JDK-8230597: Update GIFlib library to the 5.2.1</li>
        <li>JDK-8230611: infinite loop in LogOutputList::wait_until_no_readers()</li>
        <li>JDK-8230624: [TESTBUG] Problemlist JFR compiler/TestCodeSweeper.java</li>
        <li>JDK-8230677: Should disable Escape Analysis if JVMTI capability can_get_owned_monitor_info was taken</li>
        <li>JDK-8230926: [macosx] Two apostrophes are entered instead of one with "U.S. International - PC" layout</li>
        <li>JDK-8231025: Incorrect method tag offset for big endian platform</li>
        <li>JDK-8231081: TestMetadataRetention fails due to missing symbol id</li>
        <li>JDK-8231387: java.security.Provider.getService returns random result due to race condition with mutating methods in the same class</li>
        <li>JDK-8231430: C2: Memory stomp in max_array_length() for T_ILLEGAL type</li>
        <li>JDK-8231445: check ZALLOC return values in awt coding</li>
        <li>JDK-8231507: Update Apache Santuario (XML Signature) to version 2.1.4</li>
        <li>JDK-8231584: Deadlock with ClassLoader.findLibrary and System.loadLibrary call</li>
        <li>JDK-8231753: use more Posix functionality in aix os::print_os_info</li>
        <li>JDK-8231810: javax/net/ssl/templates/SSLSocketSSLEngineTemplate.java fails intermittently with "java.lang.Exception: Unexpected EOF"</li>
        <li>JDK-8232003: (fs) Files.write can leak file descriptor in the exception case</li>
        <li>JDK-8232056: GetOwnedMonitorInfoWithEATest.java fails with ZGC: Heap too small</li>
        <li>JDK-8232060: add some initializations using sigemptyset in os_aix.cpp</li>
        <li>JDK-8232154: Update Mesa 3-D Headers to version 19.2.1</li>
        <li>JDK-8232167: Visual Studio install found through --with-tools-dir value is discarded</li>
        <li>JDK-8232170: FSInfo#getJarClassPath throws an exception not declared in its throws clause</li>
        <li>JDK-8232200: [macos 10.15] Windows in fullscreen tests jumps around the screen</li>
        <li>JDK-8232207: Linux os::available_memory re-reads cgroup configuration on every invocation</li>
        <li>JDK-8232224: [TESTBUG] problemlist JFR TestLargeRootSet.java</li>
        <li>JDK-8232370: Refactor some com.sun.jdi tests to enable IDE integration</li>
        <li>JDK-8232433: [macos 10.15] java/awt/Window/LocationAtScreenCorner/LocationAtScreenCorner.java may fail</li>
        <li>JDK-8232571: Add missing SIGINFO signal</li>
        <li>JDK-8232692: [TESTBUG] compiler/aot/fingerprint/SelfChangedCDS.java fails when cds is disabled</li>
        <li>JDK-8232713: Update BCEL version to 6.3.1 in license file</li>
        <li>JDK-8232806: Introduce a system property to disable eager lambda initialization</li>
        <li>JDK-8232834: RunTest sometimes fails to produce valid exitcode.txt</li>
        <li>JDK-8232880: Update test documentation with additional settings for client UI tooltip tests</li>
        <li>JDK-8232950: SUNPKCS11 Provider incorrectly check key length for PSS Signatures.</li>
        <li>JDK-8233018: Add a new test to verify that DatagramSocket is not interruptible</li>
        <li>JDK-8233019: java.lang.Class.isPrimitive() (C1) returns wrong result if Klass* is aligned to 32bit</li>
        <li>JDK-8233032: assert(in_bb(n)) failed: must be</li>
        <li>JDK-8233078: fix minimal VM build on Linux ppc64(le)</li>
        <li>JDK-8233328: fix minimal VM build on Linux s390x</li>
        <li>JDK-8233383: Various minor fixes</li>
        <li>JDK-8233466: aarch64: remove unnecessary load of mdo when profiling return and parameters type</li>
        <li>JDK-8233491: Crash in AdapterHandlerLibrary::get_adapter with CDS due to code cache exhaustion</li>
        <li>JDK-8233529: loopTransform.cpp:2984: Error: assert(p_f->Opcode() == Op_IfFalse) failed</li>
        <li>JDK-8233548: Update CUP to v0.11b</li>
        <li>JDK-8233649: Update ProblemList.txt to exclude failing headful tests on macos</li>
        <li>JDK-8233656: assert(d->is_CFG() && n->is_CFG()) failed: must have CFG nodes</li>
        <li>JDK-8233657: Intermittent NPE in Component.validate()</li>
        <li>JDK-8234288: Turkey Time Zone returns incorrect time zone name</li>
        <li>JDK-8234323: NULL-check return value of SurfaceData_InitOps on macosx</li>
        <li>JDK-8234339: replace JLI_StrTok in java_md_solinux.c</li>
        <li>JDK-8234340: Bump update version for OpenJDK: jdk-11.0.7</li>
        <li>JDK-8234350: assert(mode == ControlAroundStripMined && (use == sfpt || !use->is_reachable_from_root())) failed: missed a node</li>
        <li>JDK-8234386: [macos] NPE was thrown at expanding Choice from maximized frame</li>
        <li>JDK-8234397: add OS uptime information to os::print_os_info output</li>
        <li>JDK-8234423: Modifying ArrayList.subList().subList() resets modCount of subList</li>
        <li>JDK-8234466: Class loading deadlock involving X509Factory#commitEvent()</li>
        <li>JDK-8234501: remove obsolete NET_ReadV</li>
        <li>JDK-8234525: enable link-time section-gc for linux s390x to remove unused code</li>
        <li>JDK-8234610: MaxVectorSize set wrongly when UseAVX=3 is specified after JDK-8221092</li>
        <li>JDK-8234617: C1: Incorrect result of field load due to missing narrowing conversion</li>
        <li>JDK-8234723: javax/net/ssl/TLS tests support TLSv1.3</li>
        <li>JDK-8234724: javax/net/ssl/templates/SSLSocketSSLEngineTemplate.java supports TLSv1.3</li>
        <li>JDK-8234741: enhance os::get_core_path on macOS</li>
        <li>JDK-8234769: Duplicate attribution in freetype.md</li>
        <li>JDK-8234786: Fix for JDK-8214578 breaks OS X 10.12 compatibility</li>
        <li>JDK-8234809: set relro in linker flags when building with gcc</li>
        <li>JDK-8234824: java/nio/channels/SocketChannel/AdaptSocket.java fails on Windows 10</li>
        <li>JDK-8235243: handle VS2017 15.9 and VS2019 in abstract_vm_version</li>
        <li>JDK-8235288: AVX 512 instructions inadvertently used on Xeon for small vector width operations</li>
        <li>JDK-8235325: build failure on Linux after 8235243</li>
        <li>JDK-8235383: C1 compilation fails with -XX:+PrintIRDuringConstruction -XX:+Verbose</li>
        <li>JDK-8235489: handle return values of sscanf calls in hotspot</li>
        <li>JDK-8235509: Backport for JDK-8209657 Refactor filemap.hpp to simplify integration with Serviceability Agent.</li>
        <li>JDK-8235510: java.util.zip.CRC32 performance drop after 8200067</li>
        <li>JDK-8235563: [TESTBUG] appcds/CommandLineFlagComboNegative.java does not handle archive mapping failure</li>
        <li>JDK-8235637: jhsdb jmap from OpenJDK 11.0.5 doesn't work if prelink is enabled</li>
        <li>JDK-8235671: enhance print_rlimit_info in os_posix</li>
        <li>JDK-8235744: PIT: test/jdk/javax/swing/text/html/TestJLabelWithHTMLText.java times out in linux-x64</li>
        <li>JDK-8235904: Infinite loop when rendering huge lines</li>
        <li>JDK-8235998: [c2] Memory leaks during tracing after '8224193: stringStream should not use Resource Area'.</li>
        <li>JDK-8236039: JSSE Client does not accept status_request extension in CertificateRequest messages for TLS 1.3</li>
        <li>JDK-8236140: assert(!VerifyHashTableKeys || _hash_lock == 0) failed: remove node from hash table before modifying it</li>
        <li>JDK-8236179: C1 register allocation error with T_ADDRESS</li>
        <li>JDK-8236488: Support for configure option --with-native-debug-symbols=internal is impossible on Windows</li>
        <li>JDK-8236500: Windows ucrt.dll should be looked up in versioned WINSDK subdirectory</li>
        <li>JDK-8236709: struct SwitchRange in HS violates C++ One Definition Rule</li>
        <li>JDK-8236848: [JDK 11u] make run-test-tier1 fails after backport of JDK-8232834</li>
        <li>JDK-8236873: Worker has a deadlock bug</li>
        <li>JDK-8237217: Incorrect G1StringDedupEntry type used in StringDedupTable destructor</li>
        <li>JDK-8237368: Problem with NullPointerException in RMI TCPEndpoint.read</li>
        <li>JDK-8237375: SimpleThresholdPolicy misses CounterDecay timestamp initialization</li>
        <li>JDK-8237508: Simplify JarFile.isInitializing</li>
        <li>JDK-8237540: Missing files in backport of JDK-8210910</li>
        <li>JDK-8237541: Missing files in backport of JDK-8236528</li>
        <li>JDK-8237600: Test SunJSSEFIPSInit fails on Ubuntu</li>
        <li>JDK-8237819: s390x - remove unused pd_zero_to_words_large</li>
        <li>JDK-8237869: exclude jtreg test security/infra/java/security/cert/CertPathValidator/certification/LuxTrustCA.java because of instabilities</li>
        <li>JDK-8237879: make 4.3 breaks build</li>
        <li>JDK-8237945: CTW: C2 compilation fails with assert(just_allocated_object(alloc_ctl) == ptr) failed: most recent allo</li>
        <li>JDK-8238225: Issues reported after replacing symlink at Contents/MacOS/libjli.dylib with binary</li>
        <li>JDK-8238247: CTW runner should sweep nmethods more aggressively</li>
        <li>JDK-8238366: CTW runner closes standard output on exit</li>
        <li>JDK-8238438: SuperWord::co_locate_pack picks memory state of first instead of last load</li>
        <li>JDK-8238502: sunmscapi.dll causing EXCEPTION_ACCESS_VIOLATION</li>
        <li>JDK-8238534: Deep sign macOS bundles before bundle archive is being created</li>
        <li>JDK-8238591: CTW: Split applications/ctw/modules/jdk_localedata.java</li>
        <li>JDK-8238596: AVX enabled by default for Skylake even when unsupported</li>
        <li>JDK-8238811: C2: assert(i >= req() || i == 0 || is_Region() || is_Phi()) with -XX:+VerifyGraphEdges</li>
        <li>JDK-8239005: [TESTBUG] test/hotspot/jtreg/runtime/StackGuardPages/TestStackGuardPages.java: exeinvoke.c: must initialize static state before calling do_overflow()</li>
        <li>JDK-8239466: Loss of precision in counter decay calculation in 11u backport of JDK-8237375</li>
        <li>JDK-8239856: [ntintel] asserts about copying unaligned array element</li>
        <li>JDK-8240724: [test] jdk11 downport of 8224475 misses binary file test/jdk/javax/swing/JTextPane/arrow.png</li>
        <li>JDK-8241296: Segfault in JNIHandleBlock::oops_do()</li>
      </ul>
    </div>

    <div class="anchor">
      <a href="#jdk11_0_6" class="anchor"><img src="dist/assets/anchor.png" alt="anchor icon"></a>
      <h2 class="bold"><button type="button" onclick="showHideReleaseNotes('jdk11_0_6_notes');">-/+</button> <a id="jdk11_0_6">OpenJDK 11.0.6 (11.0.6+10)</a></h2>
      <h3 style="text-align: center;">(<a href="https://github.com/AdoptOpenJDK/openjdk11-upstream-binaries/releases/download/jdk-11.0.6%2B10/OpenJDK11U-sources_11.0.6_10.tar.gz">Upstream Source Tarball for OpenJDK 11.0.6+10</a>)</h3>
    </div>
    <div class="margin-bottom softHide" id="jdk11_0_6_notes">

      You can check the details of these bugs using the <a href="https://bugs.openjdk.java.net/browse/JDK-8227015?jql=project%20%3D%20JDK%20AND%20fixVersion%20%3D%2011.0.6%20ORDER%20BY%20created%20DESC" target="_blank">11.0.6</a> Fix Version filter in the JDK Bug System.

      <h3>Security fixes</h3>
      <ul>
        <li>S8224909, CVE-2020-2583: Unlink Set of LinkedHashSets</li>
        <li>S8225261: Better method resolutions</li>
        <li>S8225279: Better XRender interpolation</li>
        <li>S8226352, CVE-2020-2590: Improve Kerberos interop capabilities</li>
        <li>S8227758: More valid PKIX processing</li>
        <li>S8227816: More Colorful ICC profiles</li>
        <li>S8228548, CVE-2020-2593: Normalize normalization for all</li>
        <li>S8229728: Implement negotiation parameters</li>
        <li>S8229951, CVE-2020-2601: Better Ticket Granting Services</li>
        <li>S8230279: Improve Pack200 file reading</li>
        <li>S8230318: Better trust store usage</li>
        <li>S8230967: Improve Registry support of clients</li>
        <li>S8231139: Improved keystore support</li>
        <li>S8231422, CVE-2020-2604: Better serial filter handling</li>
        <li>S8231780, CVE-2020-2655: Better TLS messaging support</li>
        <li>S8231790: Provide better FileSystemProviders</li>
        <li>S8232419: Improve Registry registration</li>
        <li>S8234037, CVE-2020-2654: Improve Object Identifier Processing</li>
      </ul>
      <h3>Other changes</h3>
      <ul>
        <li>S8016914: CoreDocumentImpl.setXmlVersion NPE</li>
        <li>S8048556: Unnecessary GCLocker-initiated young GCs</li>
        <li>S8080462: Update SunPKCS11 provider with PKCS11 v2.40 support</li>
        <li>S8134672: [TEST_BUG] Some tests should check isDisplayChangeSupported</li>
        <li>S8144125: [macOS] java/awt/event/ComponentEvent/MovedResizedTwiceTest/MovedResizedTwiceTest.java failed automatically</li>
        <li>S8146238: [macosx] Java2D Queue Flusher crash on OSX after switching between user accounts</li>
        <li>S8176837: SunPKCS11 provider needs to check more details on PKCS11 Mechanism</li>
        <li>S8185898: setRequestProperty(key, null) results in HTTP header without colon in request</li>
        <li>S8190737: use unicode version of the canonicalize() function to handle long path on windows</li>
        <li>S8191521: handle long relative path specified in -Xbootclasspath/a on windows</li>
        <li>S8193255: Root Certificates should be stored in text format and assembled at build time</li>
        <li>S8193325: StackFrameInfo::getByteCodeIndex returns wrong value if bci &gt; 32767</li>
        <li>S8198882: Add 10 JNDI tests to com/sun/jndi/dns/AttributeTests/</li>
        <li>S8200381: Typos in javadoc - missing verb "be" and alike</li>
        <li>S8202359: [GRAAL] compiler/uncommontrap/TestDeoptOOM.java failed with OutOfMemoryError</li>
        <li>S8205516: JFR tool</li>
        <li>S8206115: Use shared macros for JavaClasses::compute_offsets and MetaspaceShared::serialize_well_known_classes</li>
        <li>S8207263: Store the Configuration for system modules into CDS archive.</li>
        <li>S8207922: ctw of jdk.security.auth failed with "Unexpected zero exit codebefore finishing all compilations"</li>
        <li>S8208179: Devanagari not shown with logical fonts on Windows after removal of Lucida Sans from JDK</li>
        <li>S8208236: [TESTBUG] vmTestbase/nsk/stress/stack tests fail by timeout</li>
        <li>S8208364: java/lang/reflect/callerCache/ReflectionCallerCacheTest.java missing module dependencies declaration</li>
        <li>S8208582: Introduce native oop barriers in C1 for OopHandle</li>
        <li>S8208601: Introduce native oop barriers in C2 for OopHandle</li>
        <li>S8209003: Consolidate use of empty collections in java.lang.module</li>
        <li>S8209120: Archive the Integer.IntegerCache</li>
        <li>S8209178: Proxied HttpsURLConnection doesn't send BODY when retrying POST request</li>
        <li>S8209545: Simplify HeapShared::archive_module_graph_objects</li>
        <li>S8209647: constantPoolHandle::constantPoolHandle(ConstantPool*) when precompiled header is disabled</li>
        <li>S8209691: Allow MemBar on single memory slice</li>
        <li>S8209771: jdk.test.lib.Utils::runAndCheckException error</li>
        <li>S8209790: SA tools not providing option to connect to debug server</li>
        <li>S8209833: C2 compilation fails with "assert(ex_map-&gt;jvms()-&gt;same_calls_as(_exceptions-&gt;jvms())) failed: all collected exceptions must come from the same place"</li>
        <li>S8209835: Aarch64: elide barriers on all volatile operations</li>
        <li>S8209972: [GRAAL] Don't run RTM tests with Graal</li>
        <li>S8210158: Accessorize JFR getEventWriter() intrinsics</li>
        <li>S8210384: SunLayoutEngine.isAAT() font is expensive on MacOS</li>
        <li>S8210387: C2 compilation fails with "assert(node->_last_del == _last) failed: must have deleted the edge just produced"</li>
        <li>S8210403: Refactor java.util.Locale:i18n shell tests to plain java tests</li>
        <li>S8210559: ClassLoaderData Symbols can leak</li>
        <li>S8210776: Upgrade X Window System 6.8.2 to the latest XWD 1.0.7</li>
        <li>S8210789: langtools/tools/javac/T8152616.java missing @modules</li>
        <li>S8211037: Load jib jars dynamically from JibArtifactManager</li>
        <li>S8211147: Incorrect comparator com.sun.beans.introspect.MethodInfo.MethodOrder</li>
        <li>S8211385: (zipfs) ZipDirectoryStream yields a stream of absolute paths when directory is relative</li>
        <li>S8211740: [AOT] -XX:AOTLibrary doesn't accept windows path</li>
        <li>S8211866: TLS 1.3 CertificateRequest message sometimes offers disallowed signature algorithms</li>
        <li>S8211919: ZipDirectoryStream should provide a stream of paths that are relative to the directory</li>
        <li>S8211992: GraphicsConfiguration.getDevice().getDisplayMode() causes JVM crash on Mac</li>
        <li>S8212028: Use run-test makefile framework for testing in Oracle's Mach5</li>
        <li>S8212071: Need to set the FreeType LCD Filter to reduce fringing.</li>
        <li>S8212627: [TESTBUG] runtime/CreateMirror/ArraysNewInstanceBug.java timed out</li>
        <li>S8212673: jtreg/applications/runthese/RunThese30M.java fails in C2 with "assert(!had_error) failed: bad dominance"</li>
        <li>S8212738: Incorrectly named signature scheme ecdsa_secp512r1_sha512</li>
        <li>S8212752: Typo in SSL log message related to inactive/disabled signature scheme</li>
        <li>S8213005: Missing symbols in hs_err files on Windows after JDK-8212028</li>
        <li>S8213008: Cipher with UNWRAP_MODE should support the generation of an AES key type</li>
        <li>S8213014: Crash in CompileBroker::make_thread due to OOM</li>
        <li>S8213119: [macos] java/awt/GraphicsDevice/CheckDisplayModes.java fails</li>
        <li>S8213381: Hook to allow GC to inject Node::Ideal() calls</li>
        <li>S8213448: [TESTBUG] enhance jfr/jvm/TestDumpOnCrash</li>
        <li>S8213568: Typo in java/awt/GraphicsEnvironment/LoadLock/GE_init5.java</li>
        <li>S8213604: Fix missing includes after JDK-8212673</li>
        <li>S8214046: [macosx] Undecorated Frame does not Iconify when set to</li>
        <li>S8214052: [testbug] vmTestbase/vm/compiler/CodeCacheInfoOnCompilation <li>wrong shell used</li>
        <li>S8214098: sun.security.ssl.HandshakeHash.T12HandshakeHash constructor check backwards.</li>
        <li>S8214311: dtrace gensrc has missing dependencies</li>
        <li>S8214315: G1: fatal error: acquiring lock SATB_Q_FL_lock/1 out of order with lock tty_lock/0</li>
        <li>S8214321: Misleading code in SSLCipher</li>
        <li>S8214542: JFR: Old Object Sample event slow on a deep heap in debug builds</li>
        <li>S8214750: Unnecessary &lt;p&gt; tags in jfr classes</li>
        <li>S8214773: Replace use of thread unsafe strtok</li>
        <li>S8214896: JFR Tool left files behind</li>
        <li>S8214925: JFR tool fails to execute</li>
        <li>S8214975: No hs-err file if fatal error is raised during dynamic initialization</li>
        <li>S8215032: Support Kerberos cross-realm referrals (RFC 6806)</li>
        <li>S8215105: java/awt/Robot/HiDPIScreenCapture/ScreenCaptureTest.java: Wrong Pixel Color</li>
        <li>S8215200: IllegalArgumentException in sun.lwawt.macosx.CPlatformWindow</li>
        <li>S8215411: some GetByteArrayElements calls miss corresponding Release</li>
        <li>S8215449: Several tests failing when jtreg run with -vmoption:--illegal-access=deny</li>
        <li>S8215524: Finished message validation failure should be decrypt_error alert</li>
        <li>S8215699: -Xlog::file cannot be used with named pipe</li>
        <li>S8215708: ZGC: Add missing LoadBarrierNode::size_of()</li>
        <li>S8215755: ZGC: split_barrier_thru_phi: check number of inputs of phi</li>
        <li>S8215771: The jfr tool should pretty print reference chains</li>
        <li>S8215913: [Test_bug]java/util/Locale/LocaleProvidersRun.java failed on de_DE and ja_JP locale.</li>
        <li>S8216064: -XX:StartFlightRecording:settings= doesn't work properly</li>
        <li>S8216135: C2 assert(!had_error) failed: bad dominance</li>
        <li>S8216283: Allow shorter method sampling interval than 10 ms</li>
        <li>S8216363: NullPointerException in java.util.logging.Handler#isLoggable</li>
        <li>S8216426: Usage of array placement new may lead to memory corruption</li>
        <li>S8216561: HttpClient: The logic of retry on connect exception is inverted</li>
        <li>S8216977: ShowHiddenFrames use in java_lang_StackTraceElement::fill_in appears broken</li>
        <li>S8217362: Emergency dump does not work when disk=false is set</li>
        <li>S8217610: TLSv1.3 fail with ClassException when EC keys are stored in PKCS11</li>
        <li>S8217731: Font rendering and glyph spacing changed from jdk-8 to jdk-11</li>
        <li>S8218468: Load barrier slow path node should be MachTypeNode</li>
        <li>S8218580: endpoint identification algorithm should be case-insensitive</li>
        <li>S8218935: Make jfr strncpy uses GCC 8.x friendly</li>
        <li>S8219504: Test for JDK-8211435 can be run on all platforms</li>
        <li>S8219914: Change the environment variable for Java Access Bridge logging to have a directory.</li>
        <li>S8220175: serviceability/dcmd/framework/VMVersionTest.java fails with a timeout</li>
        <li>S8220231: Cache HarfBuzz face object for same font's text layout calls</li>
        <li>S8220352: Crash with assert(external_guard || result != __null) failed: Invalid JNI handle</li>
        <li>S8220394: bufferedStream does not honor size limit</li>
        <li>S8220474: Incorrect GPL header in src/java.instrument/share/classes/java/lang/instrument/package-info.java</li>
        <li>S8220476: Incorrect GPL header in src/jdk.internal.jvmstat/share/classes/sun/jvmstat/perfdata/monitor/protocol/local/PerfDataFile.java</li>
        <li>S8220528: [AIX] Fix basic Xinerama and Xrender functionality</li>
        <li>S8220555: JFR tool shows potentially misleading message when it cannot access a file</li>
        <li>S8220598: Malformed copyright year range in a few files in java.base</li>
        <li>S8221092: UseAVX=3 has performance degredation on Skylake (X7) processors</li>
        <li>S8221172: SunEC specific test is not limited to SunEC</li>
        <li>S8221246: NullPointerException within Win32ShellFolder2</li>
        <li>S8221395: HttpClient leaving connections in CLOSE_WAIT state until Java process ends</li>
        <li>S8221406: Windows 32bit build error in NetworkInterface_winXP.c</li>
        <li>S8221456: nmethod::make_unloaded() clears _method member too early</li>
        <li>S8221532: Incorrect copyright header in FileSystemSupport_md.c</li>
        <li>S8221539: [metaspace] Improve MetaspaceObj::is_metaspace_obj() and friends</li>
        <li>S8221569: JFR tool produces incorrect output when both --categories and --events are specified</li>
        <li>S8221711: [TESTBUG] create more tests for JFR in container environment</li>
        <li>S8221913: Add GC.selected() jtreg-ext function</li>
        <li>S8222015: Small VM.metaspace improvements</li>
        <li>S8222440: (zipfs) JarFileSystem does not correctly handle versioned entries if no root entry is present</li>
        <li>S8222529: sun.jdwp.listenerAddress agent property uses wrong encoding</li>
        <li>S8222807: Address iteration with invalid ZIP header entries</li>
        <li>S8222888: [TESTBUG] docker/TestJFREvents.java fails due to "RuntimeException: JAVA_MAIN_CLASS_ is not defined"</li>
        <li>S8223438: add VirtualizationInformation JFR event</li>
        <li>S8223490: Optimize search algorithm for determining default time zone</li>
        <li>S8223697: jfr tool can't format duration values greater than 1 minute</li>
        <li>S8223869: Problem list java/awt/FontMetrics/MaxAdvanceIsMax.java on more platforms</li>
        <li>S8224152: [macOS] ProblemList tests that leave rubbish on the screen</li>
        <li>S8224157: BCEL: update to version 6.3.1</li>
        <li>S8224172: assert(jfr_is_event_enabled(id)) failed: invariant</li>
        <li>S8224193: stringStream should not use Resouce Area</li>
        <li>S8224217: RecordingInfo should use textual representation of path</li>
        <li>S8224502: [TESTBUG] JDK docker test TestSystemMetrics.java fails with access issues and OOM</li>
        <li>S8224505: TestQuotedLogOutput failure after ProcessBuilder changes</li>
        <li>S8224538: LoadBarrierNode::common_barrier must check address</li>
        <li>S8224958: add os::dll_load calls to event log</li>
        <li>S8225101: Crash at sun.awt.X11.XlibWrapper.XkbGetUpdatedMap when change keybord map</li>
        <li>S8225225: stringStream internal buffer should always be zero terminated</li>
        <li>S8225392: Comparison builds are failing due to cacerts file</li>
        <li>S8225505: ctrl-F1 does not show the tooltip of a menu item (JMenuItems)</li>
        <li>S8225694: Destination option missing in FlightRecorderMXBeanImpl</li>
        <li>S8225695: 32-bit build failures after JDK-8080462 (Update SunPKCS11 provider with PKCS11 v2.40 support)</li>
        <li>S8225745: NoSuchAlgorithmException exception for SHA256withECDSA with RSASSA-PSS support</li>
        <li>S8226513: JEditorPane is shown with incorrect size</li>
        <li>S8226651: Setting the mgfHash in CK_RSA_PKCS_PSS_PARAMS has no effect</li>
        <li>S8226719: Kerberos login to Windows 2000 failed with "Inappropriate type of checksum in message"</li>
        <li>S8226779: [TESTBUG] Test JFR API from Java agent</li>
        <li>S8226869: Test java/util/Locale/LocaleProvidersRun.java should enable assertions</li>
        <li>S8226899: Problemlist compiler/rtm tests</li>
        <li>S8227031: Print NMT statistics on fatal errors</li>
        <li>S8227032: MetaspaceUtils::print_report crashes when called before initialization</li>
        <li>S8227035: JVM::printFlags fails in native OOM situations</li>
        <li>S8227061: KDC.java test behaves incorrectly when AS-REQ contains a PAData not PA-ENC-TS-ENC</li>
        <li>S8227086: Use AS_NO_KEEPALIVE loads in HeapDumper</li>
        <li>S8227127: Era designator not displayed correctly using the COMPAT provider</li>
        <li>S8227338: templateInterpreter.cpp: copy_table() needs to be safer</li>
        <li>S8227368: EnumSet.class serialization broken in JDK 9+</li>
        <li>S8227381: GSS login fails with PREAUTH_FAILED</li>
        <li>S8227391: Update double-conversion to version 3.1.5</li>
        <li>S8227397: Add --with-extra-asflags configure option</li>
        <li>S8227411: TestTimeMultiple.java failed "assert(!lease()) failed: invariant"</li>
        <li>S8227435: Perf::attach() should not throw a java.lang.Exception</li>
        <li>S8227437: S4U2proxy cannot continue because server's TGT cannot be found</li>
        <li>S8227439: Turn off AOT by default</li>
        <li>S8227605: Kitchensink fails "assert((((klass)->trace_id() & (JfrTraceIdEpoch::leakp_in_use_this_epoch_bit())) != 0)) failed: invariant"</li>
        <li>S8227642: [TESTBUG] Make docker tests podman compatible</li>
        <li>S8228368: avoid incompatible pointer to integer conversion initializing gint in gtk2_interface</li>
        <li>S8228434: jdk/net/Sockets/Test.java fails after JDK-8227642</li>
        <li>S8228465: HOST locale provider holds wrong era name for GregorianCalendar in US locale</li>
        <li>S8228625: [TESTBUG] sun/tools/jhsdb/JShellHeapDumpTest.java fails with RuntimeException 'JShellToolProvider' missing from stdout/stderr</li>
        <li>S8228645: Don't run sun/security/pkcs11/Cipher/TestKATForGCM.java on buggy NSS solaris versions</li>
        <li>S8228687: [TESTBUG] exclude Container tests from hotspot_misc group</li>
        <li>S8228772: C2 compilation fails due to unschedulable graph if DominatorSearchLimit is reached</li>
        <li>S8228834: Regression caused by JDK-8214542 not installing complete checkpoint data to candidates</li>
        <li>S8228835: Memory leak in PKCS11 provider when using AES GCM</li>
        <li>S8228888: C2 compilation fails with assert "m has strange control"</li>
        <li>S8228902: add os::dll_load to the unified logging os category</li>
        <li>S8229016: C2 scalarization crashes with assert(node->Opcode() == Op_CastP2X) failed: ConvP2XNode required</li>
        <li>S8229020: Failure on CPUs allowing loads reordering: assert(_tasks[t] == 1) failed: What else?</li>
        <li>S8229022: BufferedReader performance can be improved by using StringBuilder</li>
        <li>S8229156: ProblemList gc/stress/gclocker/TestExcessGCLockerCollections.java</li>
        <li>S8229169: False failure of GenericTaskQueue::pop_local on architectures with weak memory model</li>
        <li>S8229182: runtime/containers/docker/TestMemoryAwareness.java test fails on SLES12</li>
        <li>S8229243: SunPKCS11-Solaris provider tests failing on Solaris 11.4</li>
        <li>S8229284: jdk/internal/platform/cgroup/TestCgroupMetrics.java fails for - memory:getMemoryUsage</li>
        <li>S8229408: Bump update version for OpenJDK: jdk-11.0.6</li>
        <li>S8229420: [Redo] jstat reports incorrect values for OU for CMS GC</li>
        <li>S8229437: assert(is_aligned(ref, HeapWordSize)) failed: invariant</li>
        <li>S8229450: C2 compilation fails with assert(found_sfpt) failed</li>
        <li>S8229483: Sinking load out of loop may trigger: assert(found_sfpt) failed: no node in loop that's not input to safepoint</li>
        <li>S8229496: SIGFPE (division by zero) in C2 OSR compiled method</li>
        <li>S8229515: [macos] access to window property of NSView on wrong thread</li>
        <li>S8229701: aarch64: C2 OSR compilation fails with "shouldn't process one node several times" in final graph reshaping</li>
        <li>S8229800: WindowsServerCore 1809 does not provide d2d1.dll library required by awt.dll</li>
        <li>S8229810: [macos] NullPointerException getting bounds of GraphicsConfiguration</li>
        <li>S8229872: (fs) Increase buffer size used with getmntent</li>
        <li>S8229899: Make java.io.File.isInvalid() less racy</li>
        <li>S8230061: # assert(mode == ControlAroundStripMined && use == sfpt) failed: missed a node</li>
        <li>S8230062: assert(i == p->size()-1) failed: must be last element of the pack</li>
        <li>S8230110: TestLinkageErrorInGenerateOopMap times out</li>
        <li>S8230115: Problemlist JFR TestNetworkUtilization test</li>
        <li>S8230238: Add another regression test for JDK-8134739</li>
        <li>S8230303: JDB hangs when running monitor command</li>
        <li>S8230363: C2: Let ConnectionGraph::not_global_escape(Node* n) return false if n is not in the CG</li>
        <li>S8230376: [TESTBUG] runtime/StackTrace/HiddenFrameTest.java fails with release VM</li>
        <li>S8230388: Problemlist additional compiler/rtm tests</li>
        <li>S8230466: check malloc/calloc results in jdk.hotspot.agent</li>
        <li>S8230646: Epsilon does not extend TLABs to max size</li>
        <li>S8230669: [s390] C1: assert(is_bound() || is_unused()) failed: Label was never bound to a location, but it was used as a jmp target</li>
        <li>S8230671: x86_32 build failures after JDK-8229496</li>
        <li>S8230711: ConnectionGraph::unique_java_object(Node* N) return NULL if n is not in the CG</li>
        <li>S8230728: Thin stroked shapes are not rendered if affine transform has flip bit</li>
        <li>S8230769: BufImg_SetupICM add ReleasePrimitiveArrayCritical call in early return</li>
        <li>S8230782: Robot.createScreenCapture() fails if awt.robot.gtk is set to false</li>
        <li>S8230813: Add JDK-8010500 to compiler/loopopts/superword/TestFuzzPreLoop.java bug list</li>
        <li>S8230856: Java_java_net_NetworkInterface_getByName0 on unix misses ReleaseStringUTFChars in early return</li>
        <li>S8230861: missing ReleaseStringUTFChars in Java_sun_security_pkcs11_wrapper_PKCS11_connect</li>
        <li>S8230873: [AIX] GUI app does not work with UTF-8 locale on minimum software requirements</li>
        <li>S8230881: serviceability/sa/TestJmapCore tests fail with java.lang.RuntimeException: Could not find dump file</li>
        <li>S8230900: missing ReleaseStringUTFChars in java.desktop native code</li>
        <li>S8230901: missing ReleaseStringUTFChars in serviceability native code</li>
        <li>S8230923: SunJSSE is not properly initialized in FIPS mode from a configuration file</li>
        <li>S8230943: False deadlock detection with -XX:+CIPrintCompileQueue after JDK-8163511</li>
        <li>S8231055: C2: arraycopy with same non escaping src and dest but different positions causes wrong execution</li>
        <li>S8231084: Large performance regression in SwingMark TextArea in 14-b13</li>
        <li>S8231085: C2/GC: Better GC-interface for expanding clone</li>
        <li>S8231098: (tz) Upgrade time-zone data to tzdata2019c</li>
        <li>S8231124: Missing closedir call with JDK-8223490</li>
        <li>S8231201: hs_err should print coalesced safepoint operations in Events section</li>
        <li>S8231222: fix pkcs11 P11_DEBUG guarded native traces</li>
        <li>S8231223: C2's conditional move optimization fails with assert(bol->Opcode() == Op_Bool) failed</li>
        <li>S8231247: (zipfs) Test failure in jdk/nio/zipfs/InvalidZipHeaderTests.java after backport of JDK-8222807</li>
        <li>S8231254: (fs) Add test for macOS Catalina changes to protect system software</li>
        <li>S8231294: ZGC: vmTestbase/nsk/jvmti/ResourceExhausted/resexhausted002 fails</li>
        <li>S8231296: ZGC: vmTestbase/nsk/jvmti/Allocate/alloc001/ fails</li>
        <li>S8231318: Several compiler/aot tests fail for JDK11 on Windows when only MSVC 2017 is installed</li>
        <li>S8231336: Corrupted option dialog in JTHarness with JDK14b13</li>
        <li>S8231403: [ppc]: Align ReservedCodeCacheSize default value with other platforms</li>
        <li>S8231457: Asserts on AIX because os::elapsed_counter() is not monotonic</li>
        <li>S8231503: [TESTBUG] compiler/{jvmci,aot} tests should not run with GCs that do not support JVMCI/AOT</li>
        <li>S8231620: assert(bol->is_Bool()) crash during split if due to FastLockNode</li>
        <li>S8231665: 8231055 broke escapeAnalysis/TestSelfArrayCopy.java</li>
        <li>S8231693: Backout "8230728: Thin stroked shapes are not rendered if affine transform has flip bit" from jdk11u</li>
        <li>S8231751: on aix handle Power 9 in os::get_summary_cpu_info</li>
        <li>S8231770: Test java/util/zip/FlaterTest.java fails with -Xcheck:jni</li>
        <li>S8231885: Fix/remove malformed assert in os_windows.cpp</li>
        <li>S8231887: ComodoCA.java fails because certificate was revoked</li>
        <li>S8231930: Windows build fails after JDK-8191521</li>
        <li>S8231949: [PPC64, s390]: Make async profiling more reliable</li>
        <li>S8231988: Unexpected test result caused by C2 IdealLoopTree::do_remove_empty_loop</li>
        <li>S8231991: Mouse wheel change focus on awt/swing windows</li>
        <li>S8232005: [s390, PPC64] More exception checks missing in interpreter</li>
        <li>S8232019: Add LuxTrust certificate updates to the existing root program</li>
        <li>S8232051: Epsilon should warn about Xms/Xmx/AlwaysPreTouch configuration</li>
        <li>S8232052: use string literal for format string when handling PauseAtStartupFile</li>
        <li>S8232178: MacVolumesTest failed after upgrade to MacOS Catalina</li>
        <li>S8232381: add result NULL-checking to freetypeScaler.c</li>
        <li>S8232539: SIGSEGV in C2 Node::unique_ctrl_out</li>
        <li>S8232592: &lt;Unknown compiled code&gt; is shown in jstack mixed mode</li>
        <li>S8232874: Add missing test for 8230062</li>
        <li>S8232879: Writing out data with the Zip File System leads to a CRC failure</li>
        <li>S8232984: Upgrading Joni License version to 2.1.16</li>
        <li>S8233075: JFR - nmetods - misspelled in several places</li>
        <li>S8233081: C1: PatchingStub for field access copies too much</li>
        <li>S8233097: Fontmetrics for large Fonts has zero width</li>
        <li>S8233202: exclude javax/swing/plaf/basic/BasicGraphicsUtils/8132119/bug8132119.java</li>
        <li>S8233203: fix non-product build on AIX when compiling with xlc16/legacy-xlc</li>
        <li>S8233223: Add Amazon Root CA certificates</li>
        <li>S8233404: System property to set the number of PBE iterations in JCEKS keystores</li>
        <li>S8233820: Test crashed with assert(phi-&gt;operand_count() != 1 || phi-&gt;subst() != phi) failed: missed trivial simplification</li>
        <li>S8233839: aarch64: missing memory barrier in NewObjectArrayStub and NewTypeArrayStub</li>
        <li>S8233886: TEST_BUG jdk/java/net/CookieHandler/B6791927.java hit hardcoded expiration date</li>
        <li>S8233944: Make KerberosPrincipal.KRB_NT_ENTERPRISE field package private</li>
        <li>S8233954: UnsatisfiedLinkError or NoSuchAlgorithmException after removing sunec.dll</li>
        <li>S8234080: jdk/nio/zipfs/CRCWriteTest.java fails</li>
        <li>S8234107: Several AWT modal dialog tests failing on Linux after JDK-8231991</li>
        <li>S8234245: sun/security/lib/cacerts/VerifyCACerts.java fails due to wrong checksum</li>
        <li>S8234321: Call cache flush after generating trampoline.</li>
        <li>S8234591: [11u] Build with old C compiler broken by 8223490</li>
        <li>S8234625: hs test serviceability/sa/ClhsdbCDSCore.java fails on macOS 10.15</li>
        <li>S8234645: ARM32: C1: PatchingStub for field access: not enough bytes</li>
        <li>S8234906: [TESTBUG] TestDivZeroCheckControl fails for client VMs due to Unrecognized VM option LoopUnrollLimit</li>
        <li>S8235142: JDK-8193255 backport broke bootstrap with JDK 10</li>
        <li>S8235403: Further cleanup to test serviceability/sa/ClhsdbCDSCore.java</li>
        <li>S8235585: Enable macOS codesigning for all libraries and executables</li>
        <li>S8235687: Contents/MacOS/libjli.dylib cannot be a symlink</li>
      </ul>
    </div>

    <div class="anchor">
      <a href="#jdk11_0_5" class="anchor"><img src="dist/assets/anchor.png" alt="anchor icon"></a>
      <h2 class="bold"><button type="button" onclick="showHideReleaseNotes('jdk11_0_5_notes');">-/+</button> <a id="jdk11_0_5">OpenJDK 11.0.5 (11.0.5+10)</a></h2>
      <h3 style="text-align: center;">(<a href="https://github.com/AdoptOpenJDK/openjdk11-upstream-binaries/releases/download/jdk-11.0.5%2B10/OpenJDK11U-sources_11.0.5_10.tar.gz">Upstream Source Tarball for OpenJDK 11.0.5+10</a>)</h3>
    </div>
    <div class="margin-bottom softHide" id="jdk11_0_5_notes">

      You can check the details of these bugs using the <a href="https://bugs.openjdk.java.net/browse/JDK-8227015?jql=project%20%3D%20JDK%20AND%20fixVersion%20%3D%2011.0.5%20ORDER%20BY%20created%20DESC" target="_blank">11.0.5</a> Fix Version filter in the JDK Bug System.

      <h3>Security fixes</h3>
      <ul>
        <li>S8209901: Canonical file handling</li>
        <li>S8213429, CVE-2019-2933: Windows file handling redux</li>
        <li>S8218573, CVE-2019-2945: Better socket support</li>
        <li>S8218877: Help transform transformers</li>
        <li>S8220186: Improve use of font temporary files</li>
        <li>S8220302, CVE-2019-2949: Better Kerberos ccache handling</li>
        <li>S8221497: Optional Panes in Swing</li>
        <li>S8221858, CVE-2019-2958: Build Better Processes</li>
        <li>S8222684, CVE-2019-2964: Better support for patterns</li>
        <li>S8222690, CVE-2019-2962: Better Glyph Images</li>
        <li>S8223163: Better pattern recognition</li>
        <li>S8223505, CVE-2019-2973: Better pattern compilation</li>
        <li>S8223518, CVE-2019-2975: Unexpected exception in jjs</li>
        <li>S8223886: Add in font table referene</li>
        <li>S8223892, CVE-2019-2978: Improved handling of jar files</li>
        <li>S8224025: Fix for JDK-8220302 is not complete</li>
        <li>S8224062, CVE-2019-2977: Improve String index handling</li>
        <li>S8224532, CVE-2019-2981: Better Path supports</li>
        <li>S8224915, CVE-2019-2983: Better serial attributes</li>
        <li>S8225286, CVE-2019-2987: Better rendering of native glyphs</li>
        <li>S8225292, CVE-2019-2988: Better Graphics2D drawing</li>
        <li>S8225298, CVE-2019-2989: Improve TLS connection support</li>
        <li>S8225597, CVE-2019-2992: Enhance font glyph mapping</li>
        <li>S8226765, CVE-2019-2999: Commentary on Javadoc comments</li>
        <li>S8227601: Better collection of references</li>
        <li>S8228825, CVE-2019-2894: Enhance ECDSA operations</li>
      </ul>
      <h3>Other fixes</h3>
      <ul>
        <li>S6996807: FieldReflectorKey hash code computation can be improved</li>
        <li>S8076988: reevaluate trivial method policy</li>
        <li>S8087128: C2: Disallow definition split on MachCopySpill nodes</li>
        <li>S8133489: Better messaging for PKIX path validation matching</li>
        <li>S8139965: Hang seen when using com.sun.jndi.ldap.search.replyQueueSize</li>
        <li>S8147502: Digest is incorrectly truncated for ECDSA signatures when the bit length of n is less than the field size</li>
        <li>S8148188: Enhance the security libraries to record events of interest</li>
        <li>S8163363: AArch64: Stack size in tools/launcher/Settings.java needs to be adjusted</li>
        <li>S8163511: Allocation of compile task fails with assert: "Leaking compilation tasks?"</li>
        <li>S8170639: [Linux] jsig is limited to a maximum of 64 signals</li>
        <li>S8177899: Tests fail due to code cache exhaustion on machines with many cores</li>
        <li>S8180901: Transformer.reset() resets the state only once</li>
        <li>S8193234: When using -Xcheck:jni an internally allocated buffer can leak</li>
        <li>S8194231: java/net/DatagramSocket/ReuseAddressTest.java failed with java.net.BindException: Address already in use: Cannot bind</li>
        <li>S8196681: Java Access Bridge logging and debug flags dynamically controlled</li>
        <li>S8198411: [TEST_BUG] Two java2d tests are unstable in mach5</li>
        <li>S8200365: TestOptionsWithRanges.java of '-XX:TLABWasteTargetPercent=100' fails intermittently</li>
        <li>S8200400: Restrict Sasl mechanisms</li>
        <li>S8202035: Archive the set of ModuleDescriptor and ModuleReference objects for observable system modules with unnamed initial module.</li>
        <li>S8202252: (aio) Closed AsynchronousSocketChannel keeps completion handler alive</li>
        <li>S8202952: C2: Unexpected dead nodes after matching</li>
        <li>S8203629: Produce events in the JDK without a dependency on jdk.jfr</li>
        <li>S8204203: Many pkcs11 tests failed in Provider initialization, after compiler on Windows changed</li>
        <li>S8204521: compiler/jsr292/RedefineMethodUsedByMultipleMethodHandles.java fails trying to delete temp file</li>
        <li>S8205421: AARCH64: StubCodeMark should be placed after alignment</li>
        <li>S8205654: serviceability/dcmd/framework/HelpTest.java timed out</li>
        <li>S8206074: nsk/jdi/EventRequestManager/createStepRequest/crstepreq001/TestDescription.java is timing out</li>
        <li>S8206879: Currency decimal marker incorrect for Peru</li>
        <li>S8207965: C2-only debug build fails</li>
        <li>S8208269: Javadoc does not support module-info in a multi-release jar</li>
        <li>S8208499: NMT: Missing memory tag for Safepoint polling page</li>
        <li>S8208655: use JTreg skipped status in hotspot tests</li>
        <li>S8208701: Fix for JDK-8208655 causes test failures in CI tier1</li>
        <li>S8208706: compiler/tiered/ConstantGettersTransitionsTest.java fails to compile</li>
        <li>S8208780: (se) test SelectWithConsumer.testReadableAndWriteable(): failure</li>
        <li>S8209186: Rename SimpleThresholdPolicy to TieredThresholdPolicy</li>
        <li>S8209413: AArch64: NPE in clhsdb jstack command</li>
        <li>S8209420: Track membars for volatile accesses so they can be properly optimized</li>
        <li>S8209684: Intrinsics that assume some input non null should use GraphKit::must_be_not_null()</li>
        <li>S8209939: [testbug][ppc] Test SafepointPollingPages fails after 8208499 with UseSIGTRAP on.</li>
        <li>S8210063: ZGC: Enable load barriers for IN_NATIVE runtime barriers</li>
        <li>S8210130: java/net/httpclient/UnknownBodyLengthTest.java failed</li>
        <li>S8210314: [aix] NMT does not show "Safepoint" memory type</li>
        <li>S8210389: C2: assert(n->outcnt() != 0 || C->top() == n || n->is_Proj()) failed: No dead instructions after post-alloc</li>
        <li>S8210390: C2 still crashes with "assert(mode == ControlAroundStripMined &amp;&amp; use == sfpt) failed: missed a node"</li>
        <li>S8210408: Refactor java.util.ResourceBundle:i18n shell tests to plain java tests</li>
        <li>S8210729: Clean up macosx static library handling</li>
        <li>S8210919: Remove statically linked libjli on Windows</li>
        <li>S8210926: vmTestbase/nsk/jvmti/scenarios/allocation/AP11/ap11t001/TestDescription.java failed with JVMTI_ERROR_INVALID_CLASS in CDS mode</li>
        <li>S8210985: Update the default SSL session cache size to 20480</li>
        <li>S8211097: aix: fix build after JDK-8210919</li>
        <li>S8211232: GraphKit::make_runtime_call() sometimes attaches wrong memory state to call</li>
        <li>S8211233: MemBarNode::trailing_membar() and MemBarNode::leading_membar() need to handle dying subgraphs better</li>
        <li>S8211727: Adjust default concurrency settings for running tests on Sparc</li>
        <li>S8212528: Wrong cgroup subsystem being used for some CPU Container Metrics</li>
        <li>S8212970: TZ database in "vanguard" format support</li>
        <li>S8212992: Change mirror accessor in Klass::verify_on() to use AS_NO_KEEPALIVE</li>
        <li>S8213017: jspawnhelper: need to handle pipe write failure when sending return code</li>
        <li>S8213117: adoptNode corrupts attribute values</li>
        <li>S8213134: AArch64: vector shift failed with MaxVectorSize=8</li>
        <li>S8213172: CDS and JFR tests fail with assert(JdkJfrEvent::is(klass)) failed: invariant</li>
        <li>S8213325: (props) Properties.loadFromXML does not fully comply with the spec</li>
        <li>S8213406: (fs) More than one instance of built-in FileSystem observed in heap</li>
        <li>S8213561: ZipFile/MultiThreadedReadTest.java timed out in tier1</li>
        <li>S8213734: SAXParser.parse(File, ..) does not close resources when Exception occurs.</li>
        <li>S8214003: Limit default test jobs based on memory size</li>
        <li>S8214096: sun.security.util.SignatureUtil passes null parameter, so JCE validation fails</li>
        <li>S8214161: java.lang.IllegalAccessError: class jdk.internal.event.X509CertificateEvent (in module java.base) cannot access class jdk.jfr.internal.handlers.EventHandler (in module jdk.jfr) because module java.base does not read module jdk.jfr</li>
        <li>S8214287: SpecJbb2005StressModule got uncaught exception</li>
        <li>S8214579: JFrame does not paint content in XVFB / X11vnc environment</li>
        <li>S8214687: Optimize Collections.nCopies().hashCode() and equals()</li>
        <li>S8214702: Wrong text position for whitespaced string in printing Swing text</li>
        <li>S8214770: java/time/test/java/time/format/TestNonIsoFormatter.java failed in non-english locales.</li>
        <li>S8214777: Avoid some GCC 8.X strncpy() errors in HotSpot</li>
        <li>S8214857: "bad trailing membar" assert failure at memnode.cpp:3220</li>
        <li>S8215044: C2 crash in loopTransform.cpp with assert(cl->trip_count() > 0) failed: peeling a fully unrolled loop</li>
        <li>S8215130: Fix errors in LittleCMS 2.9 reported by GCC 8</li>
        <li>S8215265: C2: range check elimination may allow illegal out of bound access</li>
        <li>S8215281: Use String.isEmpty() when applicable in java.base</li>
        <li>S8215380: Backout accidental change to String::length</li>
        <li>S8215451: JNI IsSameObject should not keep objects alive</li>
        <li>S8215483: Off heap memory accesses should be vectorized</li>
        <li>S8215505: Cleanup jvm.cpp obsolete code after JDK-8210094: Better loading of classloader classes</li>
        <li>S8215534: [testbug] some jfr test don't check @requires vm.hasJFR</li>
        <li>S8215694: keytool cannot generate RSASSA-PSS certificates</li>
        <li>S8215756: Memory leaks in the AWT on macOS</li>
        <li>S8215792: AArch64: String.indexOf generates incorrect result</li>
        <li>S8215879: AArch64: ReservedStackAccess may leave stack guard in inconsistent state</li>
        <li>S8215901: [TESTBUG] TestCheckedEnsureLocalCapacity.java fails intermittently</li>
        <li>S8215961: jdk/jfr/event/os/TestCPUInformation.java fails on AArch64</li>
        <li>S8215982: (tz) Upgrade time-zone data to tzdata2018i</li>
        <li>S8216039: TLS with BC and RSASSA-PSS breaks ECDHServerKeyExchange</li>
        <li>S8216046: test/jdk/java/beans/PropertyEditor/Test6397609.java failing</li>
        <li>S8216155: C4819 warning at libfreetype sources on Windows</li>
        <li>S8216199: Local variable arg defined but never used in BCEscapeAnalyzer::compute_escape_for_intrinsic()</li>
        <li>S8216205: Java API documentation formatting error in System.getEnv</li>
        <li>S8216261: Javap ignores default modifier on interfaces</li>
        <li>S8216326: SSLSocket stream close() does not close the associated socket</li>
        <li>S8216375: Revert JDK-8145579 after JDK-8076988 is resolved</li>
        <li>S8216401: Allow "file:" URLs in Class-Path of local JARs</li>
        <li>S8216427: ciMethodData::load_extra_data() does not always unpack the last entry</li>
        <li>S8216528: test/jdk/java/rmi/transport/runtimeThreadInheritanceLeak/RuntimeThreadInheritanceLeak.java failing with Xcomp</li>
        <li>S8216549: Mismatched unsafe access to non escaping object fails</li>
        <li>S8216562: UnknownBodyLength sometimes fails due to "Connection reset by peer"</li>
        <li>S8216987: ciMethodData::load_data() unpacks MDOs with non-atomic copy</li>
        <li>S8216989: CardTableBarrierSetAssembler::gen_write_ref_array_post_barrier() does not check for zero length on AARCH64</li>
        <li>S8217093: Support extended-length paths in parse_manifest.c on windows</li>
        <li>S8217344: Make comparison overflow-aware in ECDHKeyAgreement.engineGenerateSecret()</li>
        <li>S8217359: C2 compiler triggers SIGSEGV after transformation in ConvI2LNode::Ideal</li>
        <li>S8217364: Custom URLStreamHandler for jrt or file protocol can override default handler</li>
        <li>S8217366: ZoneStrings are not populated for all the Locales</li>
        <li>S8217368: AArch64: C2 recursive stack locking optimisation not triggered</li>
        <li>S8217371: Incorrect LP64 guard in x86.ad after JDK-8210764 (Update avx512 implementation)</li>
        <li>S8217576: C1 atomic access handlers use incorrect decorators</li>
        <li>S8217676: Upgrade libpng to 1.6.37</li>
        <li>S8217760: C2: Missing symbolic info on a call from intrinsics when invoked through MethodHandle</li>
        <li>S8217766: Container Support doesn't work for some Join Controllers combinations</li>
        <li>S8217785: Padding ParallelTaskTerminator::_offered_termination variable</li>
        <li>S8217896: Make better use of LCPUs when building on AIX</li>
        <li>S8217990: C2 UseOptoBiasInlining: load of markword optimized to 0 if running with -XX:-EliminateLocks</li>
        <li>S8218163: C2: Continuous deoptimization w/ Reason_speculate_class_check and Action_none</li>
        <li>S8218185: aarch64: missing LoadStore barrier in TemplateTable::putfield_or_static</li>
        <li>S8218201: Failures when vmIntrinsics::_getClass is not inlined</li>
        <li>S8218280: LineNumberReader throws "Mark invalid" exception if CRLF straddles buffer.</li>
        <li>S8218553: Enhance keystore load debug output</li>
        <li>S8218558: NMT stack traces in output should show mt component for virtual memory allocations</li>
        <li>S8218566: NMT: missing memory tag for assert poison page</li>
        <li>S8218581: Incorrect exception message generation</li>
        <li>S8218682: [TEST_BUG] DashOffset fails in mach5</li>
        <li>S8218705: Test sun/tools/jcmd/TestJcmdDefaults.java fails on Linux</li>
        <li>S8218715: [TESTBUG] TestUseOptoBiasInliningWithoutEliminateLocks needs to unlock WhiteBoxAPI</li>
        <li>S8218721: C1's CEE optimization produces safepoint poll with invalid debug information</li>
        <li>S8218723: Use SunJCE Mac in SecretKeyFactory PBKDF2 implementation</li>
        <li>S8218780: Update MUSCLE PCSC-Lite header files</li>
        <li>S8218879: Keep track of memory accesses originated from Unsafe</li>
        <li>S8218966: AArch64: String.compareTo() can read memory after string</li>
        <li>S8219013: Update Apache Santuario (XML Signature) to version 2.1.3</li>
        <li>S8219241: Provide basic virtualization related info in the hs_error file on linux/windows x86_64</li>
        <li>S8219244: NMT: Change ThreadSafepointState's allocation type from mtInternal to mtThread</li>
        <li>S8219370: NMT: Move synchronization primitives from mtInternal to mtSynchronizer</li>
        <li>S8219513: compiler/codegen/aes/TestCipherBlockChainingEncrypt.java timeout on Solaris-sparc</li>
        <li>S8219517: assert(false) failed: infinite loop in PhaseIterGVN::optimize</li>
        <li>S8219562: Line of code in osContainer_linux.cpp L102 appears unreachable</li>
        <li>S8219583: Windows build failure after JDK-8214777 (Avoid some GCC 8.X strncpy() errors in HotSpot)</li>
        <li>S8219635: aarch64: missing LoadStore barrier in TemplateTable::fast_storefield</li>
        <li>S8219807: C2 crash in IfNode::up_one_dom(Node*, bool)</li>
        <li>S8219914: Change the environment variable for Java Access Bridge logging to have a directory.</li>
        <li>S8219919: RuntimeStub name lost with PrintFrameConverterAssembly</li>
        <li>S8219993: AArch64: Compiled CI stubs are unsafely modified</li>
        <li>S8219997: [TESTBUG] Create test for JFR events in Docker container: CPU, Memory and Process Info</li>
        <li>S8220037: Inconsistencies of generated timezone files between Windows and Linux</li>
        <li>S8220072: GCC 8.3 reports errors in java.base</li>
        <li>S8220173: assert(_handle_mark_nesting > 1) failed: memory leak: allocating handle outside HandleMark</li>
        <li>S8220227: Host Locale Provider getDisplayCountry returns error message under non-English Win10</li>
        <li>S8220313: [TESTBUG] Update base image for Docker testing to OL 7.6</li>
        <li>S8220341: Class redefinition fails with assert(!is_unloaded()) failed: unloaded method on the stack</li>
        <li>S8220355: Improve assertion texts and exception messages in eventHandlerVMInit</li>
        <li>S8220570: Additonal trace when native thread creation fails</li>
        <li>S8220579: [Containers] SubSystem.java out of sync with osContainer_linux.cpp</li>
        <li>S8220657: JFR.dump does not work when filename is set</li>
        <li>S8220672: [TESTBUG] TestCPUSets should check that cpuset does not exceed available cores</li>
        <li>S8220674: [TESTBUG] MetricsMemoryTester failcount test in docker container only works with debug JVMs</li>
        <li>S8220682: Heap dumping and inspection fails with JDK-8214712</li>
        <li>S8220690: ATTRIBUTE_ALIGNED requires GNU extensions enabled</li>
        <li>S8221120: CopyOnWriteArrayList.set should always have volatile write semantics</li>
        <li>S8221220: AArch64: Add StoreStore membar explicitly for Volatile Writes in TemplateTable</li>
        <li>S8221253: TLSv1.3 may generate TLSInnerPlainText longer than 2^14+1 bytes</li>
        <li>S8221325: Add information about swap space to print_memory_info() on MacOS</li>
        <li>S8221340: [TESTBUG] TestCgroupMetrics.java fails after fix for JDK-8219562</li>
        <li>S8221342: [TESTBUG] Generate Dockerfile for docker testing</li>
        <li>S8221407: Windows 32bit build error in libsunmscapi/security.cpp</li>
        <li>S8221408: Windows 32bit build build errors/warnings in hotspot</li>
        <li>S8221411: NullPointerException in RasterPrinterJob without PrinterResolution</li>
        <li>S8221434: Fix typo in lib-x11 autoconf error message about missing headers</li>
        <li>S8221480: jcmd VM.metaspace shall print limits in basic mode</li>
        <li>S8221527: [TESTBUG] DockerBasicTest.java contains hard-coded reference to JDK 10</li>
        <li>S8221529: [TESTBUG] Docker tests use old/deprecated image on AArch64</li>
        <li>S8221710: [TESTBUG] more configurable parameters for docker testing</li>
        <li>S8221725: AArch64 build failures after JDK-8221408 (Windows 32bit build build errors/warnings in hotspot)</li>
        <li>S8221730: jcmd process name matching broken</li>
        <li>S8221801: Update src/java.base/share/legal/public_suffix.md</li>
        <li>S8221892: ThreadPoolExecutor: Thread.isAlive() is not equivalent to not being startable</li>
        <li>S8221894: Add comments for docker tests in the test doc</li>
        <li>S8222108: Reduce minRefreshTime for updating remote printer list on Windows</li>
        <li>S8222154: upgrade gtest to 1.8.1</li>
        <li>S8222280: Provide virtualization related info in the hs_error file on AIX</li>
        <li>S8222299: [TESTBUG] move hotspot container tests to hotspot/containers</li>
        <li>S8222362: Upgrade to Freetype 2.10.0</li>
        <li>S8222387: Out-of-bounds access to CPU _family_id_xxx array</li>
        <li>S8222415: Xerces 2.12.0: Parsing Configuration</li>
        <li>S8222670: pathological case of JIT recompilation and code cache bloat</li>
        <li>S8222720: Provide extended VMWare/vSphere virtualization related info in the hs_error file on linux/windows x86_64</li>
        <li>S8222743: Xerces 2.12.0: DOM Implementation</li>
        <li>S8222914: Partial backport of JDK-8218266</li>
        <li>S8222968: ByteArrayPublisher is not thread-safe resulting in broken re-use of HttpRequests</li>
        <li>S8222980: Upgrade IANA Language Subtag Registry to Version 2019-04-03</li>
        <li>S8222987: sun/security/tools/keytool/PSS.java times out on Solaris-SPARC</li>
        <li>S8222991: Xerces 2.12.0: Validation</li>
        <li>S8223177: Data race on JvmtiEnvBase::_tag_map in double-checked locking</li>
        <li>S8223227: Rename acquire_tag_map() to tag_map_acquire() in jvmtiEnvBase</li>
        <li>S8223244: Fix usage of ARRAYCOPY_DISJOINT decorator</li>
        <li>S8223336: Assert in VirtualMemoryTracker::remove_released_region when running the SharedArchiveConsistency.java test with -XX:NativeMemoryTracking=detail</li>
        <li>S8223482: Unsupported ciphersuites may be offered by a TLS client</li>
        <li>S8223537: testlibrary_tests/ctw/ClassesListTest.java fails with Agent timeout frequently</li>
        <li>S8223553: Fix code constructs that do not compile with the Eclipse Java Compiler</li>
        <li>S8223572: ~ThreadInVMForHandshake() should call handle_special_runtime_exit_condition()</li>
        <li>S8223574: add more thread-related system settings info to hs_error file on AIX</li>
        <li>S8223660: jtreg: Decouple Unsafe from RTM tests</li>
        <li>S8223814: SA: jhsdb common help needs to be more detailed</li>
        <li>S8224033: os::snprintf should be used in virtualizationSupport.cpp</li>
        <li>S8224034: [TESTBUG] runtime/ErrorHandlerTest/ErrorHandler fails intermittently for case 13 on Windows</li>
        <li>S8224090: [PPC64] Fix SLP patterns for filling an array with double float literals</li>
        <li>S8224165: [TESTBUG] Docker tests produce excessive output</li>
        <li>S8224181: On child process spawn, child may write to random file descriptor instead of the fail pipe</li>
        <li>S8224202: Speed up Properties.load</li>
        <li>S8224221: add memprotect calls to event log</li>
        <li>S8224230: [PPC64, s390] Support AsyncGetCallTrace</li>
        <li>S8224252: [TESTBUG] hotspot/test/serviceability/sa/sadebugd/SADebugDTest.java is timing out again after fix for JDK-8163805</li>
        <li>S8224487: outputStream should not be copyable</li>
        <li>S8224531: SEGV while collecting Klass statistics</li>
        <li>S8224558: Fix replicateB encoding</li>
        <li>S8224560: (tz) Upgrade time-zone data to tzdata2019a</li>
        <li>S8224580: Matcher can cause oop field/array element to be reloaded</li>
        <li>S8224589: Improve startup behavior of SecurityProperties</li>
        <li>S8224658: Unsafe access C2 compile fails with assert(flat != TypePtr::BOTTOM) failed: cannot alias-analyze an untyped ptr: adr_type = NULL</li>
        <li>S8224698: ConcurrentSkipListMap.java does not compile with the Eclipse Java Compiler</li>
        <li>S8224825: java/awt/Color/AlphaColorTest.java fails in linux-x64 system</li>
        <li>S8224838: Bump update version for OpenJDK: jdk-11.0.5</li>
        <li>S8224991: Problemlist javax/net/ssl/ServerName/SSLEngineExplorerMatchedSNI.java</li>
        <li>S8225005: Xerces 2.12.0: License file</li>
        <li>S8225141: Better handling of classes in error state in fast class initialization checks</li>
        <li>S8225178: [Solaris] os::signal() should call sigaction() with SA_SIGINFO</li>
        <li>S8225189: Multiple JNI calls within critical region in ZIP Library</li>
        <li>S8225257: sun/security/tools/keytool/PSS.java timed out</li>
        <li>S8225347: [s390] Unexpected exit from stack overflow test</li>
        <li>S8225386: test for JDK-8216261 fails in Windows</li>
        <li>S8225388: Running jcmd Compiler.CodeHeap_Analytics all 0 cause crash.</li>
        <li>S8225390: ProblemList sun/security/pkcs11/sslecc/ClientJSSEServerJSSE.java due to JDK-8161536</li>
        <li>S8225423: GTK L&amp;F: JSplitPane: There is no divider shown</li>
        <li>S8225425: java.lang.UnsatisfiedLinkError: net.dll: Can't find dependent libraries</li>
        <li>S8225543: Jcmd fails to attach to the Java process on Linux using the main class name if whitespace options were used to launch the process</li>
        <li>S8225580: tzdata2018i integration causes test failures on jdk-13</li>
        <li>S8225636: SA can't handle prelinked libraries</li>
        <li>S8225644: C1 dumps incorrect class name in ClassCastException message</li>
        <li>S8225663: [testbug] Missing JNIEXPORT in XAbortProvoker native function</li>
        <li>S8225715: jhsdb jmap fails to write binary heap dump of a jshell process</li>
        <li>S8226409: Enable argument profiling for sun.misc.Unsafe.put*/get*</li>
        <li>S8226468: [aix] loadquery failed error message displayed</li>
        <li>S8226530: ZipFile reads wrong entry size from ZIP64 entries</li>
        <li>S8226543: Reduce GC pressure during message digest calculations in password-based encryption</li>
        <li>S8226607: Inconsistent info between pcsclite.md and MUSCLE headers</li>
        <li>S8226798: JVM crash in klassItable::initialize_itable_for_interface(int, InstanceKlass*, bool, Thread*)</li>
        <li>S8226964: [Yaru] GTK L&amp;F: There is no difference between menu selected and de-selected</li>
        <li>S8227011: Starting a JFR recording in response to JVMTI VMInit and / or Java agent premain corrupts memory</li>
        <li>S8227041: runtime/memory/RunUnitTestsConcurrently.java has a memory leak</li>
        <li>S8227117: normal interpreter table is not restored after single stepping with TLH</li>
        <li>S8227247: tools/sjavac/IdleShutdown.java fails with AssertionError: Error too big on windows</li>
        <li>S8227277: HeapInspection::find_instances_at_safepoint walks dead objects</li>
        <li>S8227392: Colors with alpha are painted incorrectly on Linux, after JDK-8214579</li>
        <li>S8227594: sadebugd/DebugdConnectTest.java fails due to "java.rmi.NotBoundException: SARemoteDebugger"</li>
        <li>S8227630: adjust format specifiers in loadlib_aix.cpp</li>
        <li>S8227834: build.log output from failing commands : include the hs_error file path in case of crashes in build</li>
        <li>S8227869: fix wrong format specifiers in os_aix.cpp</li>
        <li>S8227919: 8213232 causes crashes on solaris sparc64</li>
        <li>S8228337: problemList failing/ignored manual tests in security-libs</li>
        <li>S8228400: Remove built-in AArch64 simulator</li>
        <li>S8228469: (tz) Upgrade time-zone data to tzdata2019b</li>
        <li>S8228485: JVM crashes when bootstrap method for condy triggers loading of class whose static initializer throws exception</li>
        <li>S8228501: java_props_macosx.c - provide missing CFRelease for CFLocaleCopyCurrent</li>
        <li>S8228578: fix CFData object leak in macosx KeystoreImpl.m</li>
        <li>S8228585: jdk/internal/platform/cgroup/TestCgroupMetrics.java - NumberFormatException because of large long values (memory limit_in_bytes)</li>
        <li>S8228596: Class redefinition fails when condy instructions are removed</li>
        <li>S8228601: AArch64: Fix interpreter code at JVMCI deoptimization entry</li>
        <li>S8228618: s390: c1/c2 fail to add a metadata relocation in the static call stub.</li>
        <li>S8228649: [PPC64] SA reads wrong slots from interpreter frames</li>
        <li>S8228658: test GetTotalSafepointTime.java fails on fast Linux machines with Total safepoint time 0 ms</li>
        <li>S8228711: Path rendered incorrectly when it goes outside the clipping region</li>
        <li>S8228725: AArch64: Purge method call format support</li>
        <li>S8228764: New library dependencies due to JDK-8222720</li>
        <li>S8229118: [TESTBUG] serviceability/sa/ClhsdbFindPC fails on AArch64</li>
        <li>S8229352: Use of an uninitialized register in 32-bit ARM template interpreter</li>
        <li>S8229406: ZGC: Fix incorrect statistics</li>
        <li>S8229767: Typo in java.security: Sasl.createClient and Sasl.createServer</li>
        <li>S8229773: Resolve permissions for code source URLs lazily</li>
        <li>S8229887: (zipfs) zip file corruption when replacing an existing STORED entry</li>
        <li>S8229925: [s390, PPC64] Exception check missing in interpreter</li>
        <li>S8230085: (fs) FileStore::isReadOnly is always true on macOS Catalina</li>
        <li>S8230099: Prepare for backport of JDK-8217368</li>
      </ul>
    </div>

    <div class="anchor">
      <a href="#jdk11_0_4" class="anchor"><img src="dist/assets/anchor.png" alt="anchor icon"></a>
      <h2 class="bold"><button type="button" onclick="showHideReleaseNotes('jdk11_0_4_notes');">-/+</button> <a id="jdk11_0_4">OpenJDK 11.0.4 (11.0.5+11)</a></h2>
      <h3 style="text-align: center;">(<a href="https://github.com/AdoptOpenJDK/openjdk11-upstream-binaries/releases/download/jdk-11.0.4%2B11/OpenJDK11U-sources_11.0.4_11.tar.gz">Upstream Source Tarball for OpenJDK 11.0.4+11</a>)</h3>
    </div>
    <div class="margin-bottom softHide" id="jdk11_0_4_notes">

      You can check the details of these bugs using the <a href="https://bugs.openjdk.java.net/browse/JDK-8227015?jql=project%20%3D%20JDK%20AND%20fixVersion%20%3D%2011.0.4%20ORDER%20BY%20created%20DESC" target="_blank">11.0.4</a> Fix Version filter in the JDK Bug System.

      <h3>Security fixes</h3>
      <ul>
        <li>S8208698, CVE-2019-2745: Improved ECC Implementation</li>
        <li>S8212328, CVE-2019-2762: Exceptional throw cases</li>
        <li>S8213431, CVE-2019-2766: Improve file protocol handling</li>
        <li>S8213432, CVE-2019-2769: Better copies of CopiesList</li>
        <li>S8216381, CVE-2019-2786: More limited privilege usage</li>
        <li>S8217563: Improve realm maintenance</li>
        <li>S8218863: Better endpoint checks</li>
        <li>S8218873: Improve JSSE endpoint checking</li>
        <li>S8218876, CVE-2019-7317: Improve PNG support options</li>
        <li>S8219775: Certificate validation improvements</li>
        <li>S8220517: Enhanced GIF support</li>
        <li>S8221345, CVE-2019-2818: Better Poly1305 support</li>
        <li>S8221518, CVE-2019-2816: Normalize normalization</li>
        <li>S8222678, CVE-2019-2821: Improve TLS negotiation</li>
      </ul>
      <h3>Other fixes</h3>
      <ul>
        <li>S6913047: Long term memory leak when using PKCS11 and JCE exceeds 32 bit process address space</li>
        <li>S8139178: Wrong fontMetrics when printing in Landscape (OpenJDK)</li>
        <li>S8163805: hotspot/test/serviceability/sa/sadebugd/SADebugDTest.java failed with timed out</li>
        <li>S8170494: JNI exception pending in PlainDatagramSocketImpl.c</li>
        <li>S8174691: [TESTBUG] A number of native hotspot unit tests fail when executed in stand-alone mode</li>
        <li>S8179098: Crypto AES/ECB encryption/decryption performance regression (introduced in jdk9b73)</li>
        <li>S8181143: Introduce diagnostic flag to abort VM on too long VM operations</li>
        <li>S8188133: C2: Static field accesses in clinit can trigger deoptimizations</li>
        <li>S8190361: Incorrect version info in jaccessinspector.exe and jaccesswalker.exe</li>
        <li>S8195793: Remove GTE CyberTrust Global Root</li>
        <li>S8200286: (testbug) MOptionTest test fails with java.lang.AssertionError: Classfiles too old!</li>
        <li>S8200613: SA: jstack throws UnmappedAddressException with a CDS core file</li>
        <li>S8201317: X25519/X448 code improvements</li>
        <li>S8201633: Problems with AES-GCM native acceleration</li>
        <li>S8202353: os::readdir should use readdir instead of readdir_r</li>
        <li>S8202414: Unsafe write after primitive array creation may result in array length change</li>
        <li>S8202651: Test ComodoCA.java fails</li>
        <li>S8202794: Native Unix code should use readdir rather than readdir_r</li>
        <li>S8202884: SA: Attach/detach might fail on Linux if debugee application create/destroy threads during attaching</li>
        <li>S8203627: Swing applications with JRadioButton and JCheckbox fail to render correctly when using GTK3 and the GTK L&amp;F</li>
        <li>S8204308: SA: serviceability/sa/TestInstanceKlassSize*.java fails when running in CDS mode</li>
        <li>S8205574: Loop predication "assert(f &lt;= 1 &amp;&amp; f &gt;= 0) failed Incorrect frequency"</li>
        <li>S8205611: Improve the wording of LinkageErrors to include module and class loader information</li>
        <li>S8206955: MethodHandleProxies.asInterfaceInstance does not support default methods</li>
        <li>S8207340: (fs) UnixNativeDispatcher close and readdir usages should be fixed</li>
        <li>S8207748: Fix for 8202794 breaks tier1 builds</li>
        <li>S8207760: SAXException: Invalid UTF-16 surrogate detected: d83c ?</li>
        <li>S8208634: Add x-IBM-1129 charset</li>
        <li>S8208648: ECC Field Arithmetic Enhancements</li>
        <li>S8208702: javax/swing/reliability/HangDuringStaticInitialization.java may hang on macos</li>
        <li>S8208996: X11 icon window color handing bug</li>
        <li>S8209055: c.s.t.javac.code.DeferredCompletionFailureHandler seems to use WeakHashMap incorrectly</li>
        <li>S8209414: AArch64: method handle invocation does not respect JVMTI interp_only mode</li>
        <li>S8209415: Fix JVMTI test failure HS202</li>
        <li>S8209573: [TESTBUG] gc/epsilon/TestMemoryMXBeans should retry on failure</li>
        <li>S8209914: javadoc search sometimes generates bad URIs</li>
        <li>S8209951: Problematic sparc intrinsic: com.sun.crypto.provider.CipherBlockChaining</li>
        <li>S8210008: custom extension for make/SourceRevision.gmk</li>
        <li>S8210197: javac can't tell during speculative attribution if a diamond expression is creating an anonymous inner class or not</li>
        <li>S8210283: Support git as an SCM alternative in the build</li>
        <li>S8210320: PPC64: Fix uninitialized variable in C1 LIR assembler code</li>
        <li>S8210457: JVM crash in ResolvedMethodTable::add_method(Handle)</li>
        <li>S8210483: AssertionError in DeferredAttr at setOverloadKind caused by JDK-8203679</li>
        <li>S8210519: build/releaseFile/CheckSource.java failed additional sources found</li>
        <li>S8210739: Calling JSpinner's setFont with null throws NullPointerException</li>
        <li>S8210782: Upgrade HarfBuzz to the latest 2.3.1</li>
        <li>S8210803: Compilation failure in codeBlob.cpp for Windows 32-bit</li>
        <li>S8210837: Add libXrandr-devel to the Linux devkits</li>
        <li>S8210863: Remove Xrandr include files from JDK sources</li>
        <li>S8210880: Remove HPKeysym.h from JDK sources</li>
        <li>S8210886: Remove references in xwindows.md to non-existent files.</li>
        <li>S8210899: (zipfs) ZipFileSystem.EntryOutputStreamCRC32 mistakenly set the crc32 value into size field</li>
        <li>S8211266: [TESTBUG] ZipFSTester.java failed intermittently in ZipFSTester.checkRead(): bound must be positive</li>
        <li>S8211350: Remove jprt support</li>
        <li>S8211393: Memory leak issue on awt_InputMethod.c</li>
        <li>S8211435: Exception in thread "AWT-EventQueue-1" java.lang.IllegalArgumentException: null source</li>
        <li>S8211698: Crash in C2 compiled code during execution of double array heavy processing code</li>
        <li>S8211810: X11 Time stamp data should be unsigned</li>
        <li>S8211826: StringIndexOutOfBoundsException happens via GetStringUTFRegion()</li>
        <li>S8211841: [testbug] sun/nio/cs/OLD/TestIBMDB.java does not compile (aix)</li>
        <li>S8211969: test/jdk/lib/security/CheckBlacklistedCerts.java searching for wrong paths</li>
        <li>S8211971: Move security/cacerts/VerifyCACerts.java and security/CheckBlacklistedCerts.java</li>
        <li>S8212202: [Windows] Exception if no printers are installed.</li>
        <li>S8212205: VM asserts after CDS archive has been unmapped</li>
        <li>S8212562: To remove lib/security from test/jdk/TEST.groups</li>
        <li>S8212676: AWT SystemColor setting on CDE</li>
        <li>S8212677: X11 default visual support for IM status window on VNC</li>
        <li>S8212678: Windows IME related patch</li>
        <li>S8212794: IBM-964 is required for AIX default charset</li>
        <li>S8212828: (process) Provide a way for Runtime.exec to use posix_spawn on linux</li>
        <li>S8213015: Inconsistent settings between JFR.configure and -XX:FlightRecorderOptions</li>
        <li>S8213213: Remove src/java.desktop/unix/classes/sun/awt/X11/keysym2ucs.h</li>
        <li>S8213232: Unix/X11 setCompositionEnableNative issue</li>
        <li>S8213292: Input freezes after MacOS key-selector (press&amp;hold) usage on macOS Mojave</li>
        <li>S8213294: Upgrade IANA LSR data</li>
        <li>S8213515: Improve freetype detection on linux/ppc64/ppc64le/s390x</li>
        <li>S8213614: DnD operation change feature does not work with 64bit big endian CPU</li>
        <li>S8213617: JFR should record the PID of the recorded process</li>
        <li>S8213618: IBM970 charset has missing entry and remove unexpected entries</li>
        <li>S8213825: assert(false) failed: Non-balanced monitor enter/exit! Likely JNI locking</li>
        <li>S8213944: Fix AIX build after the removal of Xrandr.h and add a configure check for it</li>
        <li>S8214002: Cannot use italic font style if the font has embedded bitmap</li>
        <li>S8214109: XToolkit is not correctly displayed color on 16-bit high color setting</li>
        <li>S8214111: There is no icon in all JOptionPane target image</li>
        <li>S8214112: The whole text in target JPasswordField image are not selected</li>
        <li>S8214252: Expanded &amp; Collapsed nodes of a JTree look the same on GTK3</li>
        <li>S8214253: Tooltip is transparent rather than having a black background</li>
        <li>S8214468: jQuery UI upgrade from 1.11.4 to 1.12.1</li>
        <li>S8214533: IBM-29626C is required for AIX default charset</li>
        <li>S8214765: All TrayIcon MessageType icons does not show up with gtk3 option set</li>
        <li>S8214935: Upgrade IANA LSR data</li>
        <li>S8215026: Incorrect amount of memory unmapped with ImageFileReader::close()</li>
        <li>S8215123: Crash in runtime image built with jlink --compress=2</li>
        <li>S8215284: Reduce noise induced by periodic task getFileSize()</li>
        <li>S8215296: do not disable c99 on Solaris</li>
        <li>S8215342: [Zero] Build fails after JDK-8200613</li>
        <li>S8215364: JavaFX crashes on Ubuntu 18.04 with Wayland while using Swing-FX interop</li>
        <li>S8215374: 32-bit build failures after JDK-8181143 (Introduce diagnostic flag to abort VM on too long VM operations)</li>
        <li>S8215398: -Xlog option usage =&gt; Invalid decorator '\temp\app_cds.log'.</li>
        <li>S8215443: The use of TransportContext.fatal() leads to bad coding style</li>
        <li>S8215472: (zipfs) Cleanups in implementation classes of jdk.zipfs and tests</li>
        <li>S8215707: [macosx] fix pthread_getschedparam and pthread_setschedparam calls</li>
        <li>S8215757: C2: PhaseIdealLoop::create_new_if_for_predicate() computes wrong IDOM</li>
        <li>S8215790: Delegated task created by SSLEngine throws java.nio.BufferUnderflowException</li>
        <li>S8216045: The size of key_exchange may be wrong on FFDHE</li>
        <li>S8216355: missing NULL checks in libnet in interface iteration and potential resource leak in getMacAddress</li>
        <li>S8216556: Unnecessary liveness computation with JVMTI</li>
        <li>S8216577: Add GlobalSign's R6 Root certificate</li>
        <li>S8216597: SIGBUS in Java_sun_security_pkcs11_wrapper_PKCS11_getNativeKeyInfo after JDK-6913047</li>
        <li>S8216970: condy causes JVM crash</li>
        <li>S8217088: Disable JDK-6913047 fix (SunPKCS11 memory leak) after JDK-8216597 (SIGBUS error in getNativeKeyInfo)</li>
        <li>S8217094: HttpClient SSL race if a socket IOException is raised before ALPN is available</li>
        <li>S8217263: Automate DashOffset test</li>
        <li>S8217311: Improve Exception thrown when MulticastSocket.setInterface fails on AIX(Unix)</li>
        <li>S8217564: idempotent protection missing in crc32c.h</li>
        <li>S8217647: JFR: recordings on 32-bit systems unreadable</li>
        <li>S8217690: Update public suffix version</li>
        <li>S8217707: JNICALL declaration breaks Splash screen functions</li>
        <li>S8217765: Internal Error (javaCalls.cpp:61) guarantee(thread-&gt;can_call_java()) failed</li>
        <li>S8217786: Provide virtualization related info in the hs_error file on linux s390x</li>
        <li>S8217878: ENVELOPING XML signature no longer works in JDK 11</li>
        <li>S8217879: hs_err should print more instructions in hex dump</li>
        <li>S8217880: AIX build issue after JDK-8214533</li>
        <li>S8218020: Fix version number in mesa.md 3rd party legal file</li>
        <li>S8218060: JDK-8217786 breaks build due to remaining unused function</li>
        <li>S8218063: JDK-8218060 breaks build for S390</li>
        <li>S8218152: [javac] fails and exits with no error if a bad annotation processor provided</li>
        <li>S8218469: JSlider display issue with slider for GTKLookAndFeel</li>
        <li>S8218470: JScrollBar display issue with GTKLookAndFeel</li>
        <li>S8218472: JProgressBar display issue with GTKLookAndFeel</li>
        <li>S8218473: JOptionPane display issue with GTKLookAndFeel</li>
        <li>S8218479: JTextPane display issue with GTKLookAndFeel</li>
        <li>S8218618: Program fails when using JDK addressed by UNC path and using Security Manager</li>
        <li>S8218629: XML Digital Signature throws NAMESPACE_ERR exception on OpenJDK 11, works 8/9/10</li>
        <li>S8218674: HTML Tooltip with "img=src" on component doesn't show</li>
        <li>S8218733: SA: CollectedHeap provides broken implementation for used() and capacity()</li>
        <li>S8218781: Localized names for Japanese era Reiwa in COMPAT provider</li>
        <li>S8218811: replace open by os::open in hotspot coding</li>
        <li>S8218854: FontMetrics.getMaxAdvance may be less than the maximum FontMetrics.charWidth</li>
        <li>S8218960: CONFIG level logging statements printed in CLDRCalendarDataProviderImpl.java even when default log Level is INFO</li>
        <li>S8218991: s390: Add intrinsic for GHASH algorithm</li>
        <li>S8219006: AArch64: Register corruption in slow subtype check</li>
        <li>S8219011: Implement MacroAssembler::warn method on AArch64</li>
        <li>S8219112: name_and_sig_as_C_string usages in frame_s390 miss ResourceMark</li>
        <li>S8219335: "failed: unexpected type" assert failure in ConnectionGraph::split_unique_types() with unsafe accesses</li>
        <li>S8219389: Delegated task created by SSLEngine throws BufferUnderflowException</li>
        <li>S8219414: SA: jhsdb jsnap throws UnmappedAddressException with core generated by gcore</li>
        <li>S8219448: split-if update_uses accesses stale idom data</li>
        <li>S8219460: ppc: adjust NativeGeneralJump::insert_unconditional to stack allocated MacroAssembler</li>
        <li>S8219566: JFR did not collect call stacks when MaxJavaStackTraceDepth is set to zero</li>
        <li>S8219574: Minimal VM build failure after JDK-8219414</li>
        <li>S8219582: PPC: Crash after C1 checkcast patched and GC</li>
        <li>S8219584: Try to dump error file by thread which causes safepoint timeout</li>
        <li>S8219698: aarch64: SIGILL triggered when specifying unsupported hardware features</li>
        <li>S8219710: Bump update version for OpenJDK: jdk11.0.4</li>
        <li>S8219746: Provide virtualization related info in the hs_error file on linux ppc64 / ppc64le</li>
        <li>S8219915: [TESTBUG] Fix test langtools/tools/javac/processing/model/completionfailure/SymbolsDontCumulate.java in Standalone mode</li>
        <li>S8219918: ProblemList hotspot tests failing in SAP testing.</li>
        <li>S8220165: Encryption using GCM results in RuntimeException- input length out of bound</li>
        <li>S8220166: Performance regression in deserialization (4-6% in SPECjbb)</li>
        <li>S8220198: Lots of com/sun/crypto/provider/Cipher tests fail on x86_32 due to missing SHA512 stubs</li>
        <li>S8220281: IBM-858 alias name is missing on IBM00858 charset</li>
        <li>S8220293: Deadlock in JFR string pool</li>
        <li>S8220349: The fix done for JDK-8214253 have caused issues in JTree behaviour</li>
        <li>S8220353: [TESTBUG] TestRegisterRestoring uses SafepointALot without UnlockDiagnosticVMOptions</li>
        <li>S8220374: C2: LoopStripMining doesn't strip as expected</li>
        <li>S8220441: [PPC64] Clobber memory effect missing for memory barriers in atomics</li>
        <li>S8220495: Update GIFlib library to the 5.1.8</li>
        <li>S8220513: Wrapper Key may get deleted when closing sessions in SunPKCS11 crypto provider</li>
        <li>S8220625: tools/javac/classreader/8171132/BadConstantValue.java failed with "did not see expected error"</li>
        <li>S8220707: [TESTBUG] serviceability/sa/TestHeapDumpForLargeArray.java fails with jtreg -vmoption:-Xmx &lt; 8g</li>
        <li>S8220714: C2 Compilation failure when accessing off-heap memory using Unsafe</li>
        <li>S8220718: Missing ResourceMark in nmethod::metadata_do</li>
        <li>S8220781: linux-s390 : os::get_summary_cpu_info gives bad output</li>
        <li>S8220794: PPC64: Fix signal handler for SIGSEGV on branch to illegal address</li>
        <li>S8221083: [ppc64] Wrong oop compare in C1-generated code</li>
        <li>S8221175: Fix bad function case for controlled JVM crash on PPC64 big-endian</li>
        <li>S8221244: Unexpected behavior of PropertyDescription.getReadMethod for boolean properties</li>
        <li>S8221263: [TEST_BUG] RemotePrinterStatusRefresh test is hard to use</li>
        <li>S8221304: Problem list java/awt/FontMetrics/MaxAdvanceIsMax.java</li>
        <li>S8221400: java/lang/String/StringRepeat.java test requests too much heap</li>
        <li>S8221401: java/math/BigInteger/LargeValueExceptions.java test should be disabled on 32-bit platforms</li>
        <li>S8221412: lookupPrintServices() does not always update the list of Windows remote printers</li>
        <li>S8221437: assert(java_lang_invoke_ResolvedMethodName::vmtarget(resolved_method()) == m()) failed: Should not change after link resolution</li>
        <li>S8221470: Print methods in exception messages in java-like Syntax.</li>
        <li>S8221479: Fix JFR profiling on s390</li>
        <li>S8221483: TestOopCmp.java fails due to "Multiple garbage collectors selected"</li>
        <li>S8221535: add steal tick related information to hs_error file [linux]</li>
        <li>S8221610: Resurrect (legacy) JRE bundle target</li>
        <li>S8221639: [i386] expand_exec_shield_cs_limit workaround is undefined code after JDK-8199717</li>
        <li>S8221833: Readability check in Symbol::is_valid not performed for some addresses</li>
        <li>S8221870: use driver to run CtwRunner in applications/ctw tests</li>
        <li>S8221880: Better customization for Windows RC properties FileDescription and ProductName</li>
        <li>S8221915: cleanup ticks related coding in os_perf_aix.cpp [aix]</li>
        <li>S8221917: serviceability/sa/TestPrintMdo.java fails on 32-bit platforms</li>
        <li>S8221924: get(null) on single-entry unmodifiable Map returns null instead of throwing NPE</li>
        <li>S8222027: java/util/logging/LogManager/TestLoggerNames.java generates intermittent ClassCastException</li>
        <li>S8222032: x86_32 fails with "wrong size of mach node" on AVX-512 machine</li>
        <li>S8222089: [TESTBUG] sun/security/lib/cacerts/VerifyCACerts.java fails due to cert within 90-day expiry window</li>
        <li>S8222133: Add temporary exceptions for root certs that are due to expire soon</li>
        <li>S8222136: Remove two Comodo root CA certificates that are expiring</li>
        <li>S8222137: Remove T-Systems root CA certificate</li>
        <li>S8222397: x86_32 tests with UseSHA1Intrinsics SEGV due to garbled registers</li>
        <li>S8222410: java/nio/file/attribute/BasicFileAttributeView/UnixSocketFile hangs when "nc" does not accept "-U"</li>
        <li>S8222522: Add configure options for Mac Bundle creation</li>
        <li>S8222532: (zipfs) Performance regression when writing ZipFileSystem entries in parallel</li>
        <li>S8222913: Add Jib support for VERSION_EXTRA*</li>
        <li>S8222930: ConcurrentSkipListMap.clone() shares size variable between original and clone</li>
        <li>S8223266: PPC64: Check for branch to illegal address before checking for mem serialization</li>
        <li>S8223395: PPC64: Improve comments in the JVM signal handler to match ISA text</li>
        <li>S8223499: Remove two DocuSign root certificates that are expiring</li>
        <li>S8223555: Cleanups in cacerts tests</li>
        <li>S8223597: jdk/nio/zipfs/ZipFSTester.java RuntimeException: CHECK_FAILED! (getAttribute.crc &lt;entries&gt; failed 6af4413c vs 0 ...)</li>
        <li>S8223665: SA: debugd options should follow jhsdb style</li>
        <li>S8224474: harfbuzz 2.3.1 code fails to compile with gcc 4.4.7</li>
        <li>S8224671: AArch64: mauve System.arraycopy test failure</li>
        <li>S8224727: Problem list test security/infra/java/security/cert/CertPathValidator/certification/ActalisCA.java</li>
        <li>S8224828: aarch64: rflags is not correct after safepoint poll</li>
        <li>S8224880: AArch64: java/javac error with AllocatePrefetchDistance</li>
        <li>S8225402: events logging in deoptimization.cpp should go to deopt-log</li>
        <li>S8225716: G1 GC: Undefined behaviour in G1BlockOffsetTablePart::block_at_or_preceding</li>
        <li>S8226876: Assertion in sun/util/locale/provider/CalendarDataUtility on Windows after JDK-8218960</li>
        <li>S8226880: Backport of JDK-8208698 (Improved ECC Implementation) should not bring parts of JDK-8205476 (KeyAgreement#generateSecret is not reset for ECDH based algorithm)</li>
      </ul>
    </div>

    <div class="anchor">
      <a href="#jdk11_0_3" class="anchor"><img src="dist/assets/anchor.png" alt="anchor icon"></a>
      <h2 class="bold"><button type="button" onclick="showHideReleaseNotes('jdk11_0_3_notes');">-/+</button> <a id="jdk11_0_3">OpenJDK 11.0.3 (11.0.3+7)</a></h2>
      <h3 style="text-align: center;">(<a href="https://github.com/AdoptOpenJDK/openjdk11-upstream-binaries/releases/download/jdk-11.0.3%2B7/OpenJDK11U-sources_11.0.3_7.tar.gz">Upstream Source Tarball for OpenJDK 11.0.3+7</a>)</h3>
    </div>
    <div class="margin-bottom softHide" id="jdk11_0_3_notes">

      You can check the details of these bugs using the <a href="https://bugs.openjdk.java.net/browse/JDK-8222572?jql=project%20%3D%20JDK%20AND%20fixVersion%20%3D%2011.0.3%20ORDER%20BY%20created%20DESC" target="_blank">11.0.3</a> Fix Version filter in the JDK Bug System.

      <h3>Security fixes</h3>
      <ul>
        <li>S8211936, CVE-2019-2602: Better String parsing</li>
        <li>S8218453, CVE-2019-2684: More dynamic RMI interactions</li>
        <li>S8219066, CVE-2019-2698: Fuzzing TrueType fonts: setCurrGlyphID()</li>
      </ul>

      <h3>Other changes</h3>
      <ul>
        <li>S8034802: (zipfs) newFileSystem throws UOE when the zip file is located in a custom file system</li>
        <li>S8165675: Trace event for thread park has incorrect unit for timeout</li>
        <li>S8172695: (scanner) java/util/Scanner/ScanTest.java fails</li>
        <li>S8187364: Unable to enter zero width non-joiner (ZWNJ) symbol in Swing text component</li>
        <li>S8197398: (zipfs) Files.walkFileTree walk indefinitelly while processing JAR file with "/" as a directory inside.</li>
        <li>S8200109: NMT: diff_malloc_site assert(early-&gt;flags() == current-&gt;flags(), "Must be the same memory type")</li>
        <li>S8201818: [macosx] Printing attributes break page size set via "java.awt.print.Book" object</li>
        <li>S8204142: AWT hang occurs when sequenced events arrive out of sequence in multiple AppContexts</li>
        <li>S8205432: Replace the placeholder Japanese era name</li>
        <li>S8206120: Add test cases for lenient Japanese era parsing</li>
        <li>S8207070: Webstart app popup on wrong screen in a one-screen setup changing to multi-monitor</li>
        <li>S8207258: Distrust TLS server certificates anchored by Symantec Root CAs</li>
        <li>S8207760: SAXException: Invalid UTF-16 surrogate detected: d83c ?</li>
        <li>S8207829: FlightRecorderMXBeanImpl is leaking the first classloader which calls it</li>
        <li>S8207849: Allow the addition of more number to the Java version string</li>
        <li>S8208275: C2 crash in Node::add_req(Node*)</li>
        <li>S8208656: Move java/util/Calendar/CalendarTestScripts tests into OpenJDK</li>
        <li>S8209615: ParseError in XMLEventReader on a valid input</li>
        <li>S8209758: 2 classes with same name G1PrintCollectionSetClosure cause crash when logging is enabled</li>
        <li>S8209960: -Xlog:jfr* doesn't work with the JFR</li>
        <li>S8210192: Hsperf counter ParNew::CMS should be ParNew:CMS</li>
        <li>S8210394: (zipfs) jdk/nio/zipfs/ZFSTests.java rootdir.zip: The process cannot access the file because it is being used by another process</li>
        <li>S8210633: Cannot parse JapaneseDate string with DateTimeFormatterBuilder Mapped-values</li>
        <li>S8210874: Test for JDK-8209615</li>
        <li>S8210974: No extensions debug log for ClientHello</li>
        <li>S8210989: RSASSA-PSS certificate cannot be selected for client auth on TLSv1.2</li>
        <li>S8211049: Second parameter of "initialize" method is not used</li>
        <li>S8211064: [AArch64] Interpreter and c1 don't correctly handle jboolean results in native calls</li>
        <li>S8211100: hotspot C1 issue with comparing long numbers on x86 32-bit</li>
        <li>S8211163: UNIX version of Java_java_io_Console_echo does not return a clean boolean</li>
        <li>S8211267: StackOverflowError happened by TextField.setFont(...)</li>
        <li>S8211295: DriverManager.getConnection fails when called from com.sun.rowset.JdbcRowSetImpl</li>
        <li>S8211320: Aarch64: unsafe.compareAndSetByte() and unsafe.compareAndSetShort() c2 intrinsics broken with negative expected value</li>
        <li>S8211382: ISO2022JP and GB18030 NIO converter issues</li>
        <li>S8211398: Square character support for the Japanese new era</li>
        <li>S8211698: Crash in C2 compiled code during execution of double array heavy processing code</li>
        <li>S8211765: JarFile constructor throws undocumented exception</li>
        <li>S8211787: javax/net/ssl/TLSCommon/TLSTest.java throws java.net.SocketTimeoutException: Read timed out</li>
        <li>S8211821: PrintStringTableStatistics crashes JVM</li>
        <li>S8212173: Thread._stack_base/_stack_size initialized too late for new threads</li>
        <li>S8212232: Wrong metadata for the configuration of the cutoff for old object sample events</li>
        <li>S8212233: javadoc fails on jdk12 with "The code being documented uses modules but the packages defined in $URL are in the unnamed module."</li>
        <li>S8212885: TLS 1.3 resumed session does not retain peer certificate chain</li>
        <li>S8212941: Support new Japanese era in java.time.chrono.JapaneseEra</li>
        <li>S8213183: InputMethod cannot be used after its restarting</li>
        <li>S8213202: Possible race condition in TLS 1.3 session resumption</li>
        <li>S8213419: C2 may hang in MulLNode::Ideal()/MulINode::Ideal() with gcc 8.2.1</li>
        <li>S8213421: Line number information for execution samples always 0</li>
        <li>S8213583: Error while opening the JFileChooser when desktop contains shortcuts pointing to deleted files</li>
        <li>S8213754: PPC64: Add Intrinsics for isDigit/isLowerCase/isUpperCase/isWhitespace</li>
        <li>S8213782: NullPointerException in sun.security.ssl.OutputRecord.changeWriteCiphers</li>
        <li>S8213829: Remove circular dependency between g1CollectedHeap and g1ConcurrentMark</li>
        <li>S8213952: Relax DNSName restriction as per RFC 1123</li>
        <li>S8213966: The ZGC JFR events should be marked as experimental</li>
        <li>S8213983: [macosx] Keyboard shortcut ?cmd +`? stops working properly if popup window is displayed</li>
        <li>S8214063: OpenJDK will not build on AIX while using the xlc 13.1 compiler</li>
        <li>S8214100: use of keystore probing results in unnecessary exception thrown</li>
        <li>S8214118: HeapRegions marked as archive even if CDS mapping fails</li>
        <li>S8214122: JDWP is broken on 32 bit Windows: transport library missing onLoad entry</li>
        <li>S8214129: SSL session resumption/SNI with TLS1.2 causes StackOverflowError</li>
        <li>S8214189: test/hotspot/jtreg/compiler/intrinsics/mathexact/MulExactLConstantTest.java fails on Windows x64 when run with -XX:-TieredCompilation</li>
        <li>S8214206: Fix for JDK-8213419 is broken on 32-bit</li>
        <li>S8214339: SSLSocketImpl erroneously wraps SocketException</li>
        <li>S8214352: C1: Unnecessary "compilation bailout: block join failed" with JVMTI</li>
        <li>S8214451: PPC64/s390: Clean up unused CRC32 prototype and function</li>
        <li>S8214513: A PKCS12 keystore from Java 8 using custom PBE parameters cannot be read in Java 11</li>
        <li>S8214688: TLS 1.3 session resumption with hello retry request failed with "illegal_parameter"</li>
        <li>S8214827: Incorrect call ClassLoaders.toFileURL("jrt:/java.compiler")</li>
        <li>S8215100: AArch64: fix compareTo intrinsic with four-character Latin/Unicode</li>
        <li>S8215175: Inconsistencies in JFR event metadata</li>
        <li>S8215202: AArch64: jtreg test test/jdk/sun/nio/cs/FindEncoderBugs.java fails</li>
        <li>S8215317: [GRAAL] unit test CheckGraalIntrinsics failed after 8213754</li>
        <li>S8215330: javax.xml.catalog.CatalogResolverImpl: GroupEntry.matchURI fails to match</li>
        <li>S8215362: JFR GTest JfrTestNetworkUtilization fails</li>
        <li>S8215397: jsig.c missing classpath exception</li>
        <li>S8215727: Restore JFR thread sampler loop to old / previous behavior</li>
        <li>S8215947: JVM crash with -XX:+DumpSharedSpaces</li>
        <li>S8215951: AArch64: jtreg test vmTestbase/nsk/jvmti/PopFrame/popframe005 segfaults</li>
        <li>S8215962: Support ThreadPriorityPolicy mode 1 for non-root users on linux/bsd</li>
        <li>S8216049: stringTable::intern creates redundant String when looking up existing one</li>
        <li>S8216060: [PPC64] Vector CRC implementation should be used by interpreter and be faster for short arrays</li>
        <li>S8216280: Allow later Symantec Policy distrust date for two Apple SubCAs</li>
        <li>S8216302: StackTraceElement::fill_in can use cached Class.name</li>
        <li>S8216308: StackTraceElement::fill_in can use injected Class source-file</li>
        <li>S8216350: AArch64: monitor unlock fast path not called</li>
        <li>S8216546: Support new Japanese era in java.lang.Character for Java SE 11</li>
        <li>S8216578: Remove unused/obsolete method in JFR code</li>
        <li>S8216965: crash in freetypeScaler.c CopyBW2Grey8</li>
        <li>S8217014: Epsilon should not ignore Metadata GC causes</li>
        <li>S8217315: Proper units should print more significant digits</li>
        <li>S8217321: [TESTBUG] utilities/test_globalDefinitions.cpp should use _LP64, not LP64</li>
        <li>S8217342: Build failed with excluding JFR</li>
        <li>S8217378: UseCriticalCMSThreadPriority is broken</li>
        <li>S8217427: (dc) nio/channels/DatagramChannel/UseDGWithIPv6.java fails without IPv6</li>
        <li>S8217432: MetaspaceGC::_capacity_until_GC exceeds MaxMetaspaceSize</li>
        <li>S8217459: [PPC64] Cleanup non-vector version of CRC32</li>
        <li>S8217471: [TESTBUG] gc/epsilon/TestClasses.java fails on some platforms <li>OOME Metaspace</li>
        <li>S8217520: Remove vm.opt.MaxGCPauseMillis == "null" from TestOldGenCollectionUsage.java</li>
        <li>S8217579: TLS_EMPTY_RENEGOTIATION_INFO_SCSV is disabled after 8211883</li>
        <li>S8217597: [TESTBUG] old version docker does not support --cpus</li>
        <li>S8217609: New era placeholder not recognized by java.text.SimpleDateFormat</li>
        <li>S8217628: Verbose ArrayIndexOutOfBoundsException message also in JNI calls.</li>
        <li>S8217657: Move the test for default value of jdk.includeInExceptions into own test</li>
        <li>S8217994: os::print_hex_dump should be more resilient against unreadable memory</li>
        <li>S8218156: "jcmd VM.metaspace basic" misreports free chunk space</li>
        <li>S8218192: Remove copy constructor for MemRegion</li>
        <li>S8218915: Change isJavaIdentifierStart and isJavaIdentifierPart to handle new code points</li>
        <li>S8219251: Langtools tests default memory size needs to be 768m</li>
        <li>S8219260: Default number of test jobs needs to be consistently calculated</li>
        <li>S8219461: Bump update version for OpenJDK jdk11.0.3</li>
        <li>S8219650: [Testbug] Fix potential crashes in new test hotspot gtest "test_print_hex_dump"</li>
        <li>S8219651: compiler/ciReplay/TestServerVM.java is failing on windows</li>
        <li>S8219714: [testbug] com/sun/jdi/RedefineNestmateAttr/TestNestmateAttr.java must pass classpath to subprocess</li>
        <li>S8219789: [TESTBUG] TestOptionsWithRanges.java produces. hs_err_pidXXXXX.log file for VMThreadStackSize=9007199254740991</li>
        <li>S8219890: Calendar.getDisplayName() returns empty string for new Japanese Era on some locales</li>
        <li>S8220283: ZGC fails to build on GCC 4.4.7: ATTRIBUTE_ALIGNED compatibility issue</li>
        <li>S8220294: ZGC fails to build on GCC 4.4.7: Type parameter issue</li>
        <li>S8221769: Revert JDK-8221767 mistakenly pushed to jdk11u 11.0.3</li>
      </ul>

    </div>

    <div class="anchor">
      <a href="#jdk12_0_2" class="anchor"><img src="dist/assets/anchor.png" alt="anchor icon"></a>
      <h2 class="bold"><button type="button" onclick="showHideReleaseNotes('jdk12_0_2_notes');">-/+</button> <a id="jdk12_0_2">OpenJDK 12.0.2 (12.0.2+10)</a></h2>
    </div>
    <div class="margin-bottom softHide" id="jdk12_0_2_notes">

      You can check the details of these bugs using the <a href="https://www.oracle.com/technetwork/java/javase/12all-relnotes-5211423.html#R12_0_2" target="_blank">12.0.2</a> release notes at Oracle.

      <h3>Other changes</h3>
      <ul>
        <li>JDK-8223499 - Removal of Two DocuSign Root CA Certificates</li>
        <li>JDK-8222136 - Removal of Two Comodo Root CA Certificates</li>
        <li>JDK-8222137 - Removal of T-Systems Deutsche Telekom Root CA 2 Certificate</li>
      </ul>
    </div>

    <!-- TODO Foojay.io doesn't supply 12.0.1 or 12 release notes - fill these in laster for historical purposes -->

    <!-- TODO There are newer releases of OpenJDK 13 that Adopt hasn't produced. -->

    <div class="anchor">
      <a href="#jdk13_0_2" class="anchor"><img src="dist/assets/anchor.png" alt="anchor icon"></a>
      <h2 class="bold"><button type="button" onclick="showHideReleaseNotes('jdk13_0_2_notes');">-/+</button> <a id="jdk13_0_2">OpenJDK 13.0.2 (13.0.2+8)</a></h2>
    </div>
    <div class="margin-bottom softHide" id="jdk13_0_2_notes">
      You can check the details of these bugs using the <a href="https://www.oracle.com/technetwork/java/javase/2col/13-0-2-bugfixes-5812303.html" target="_blank">13.0.2</a> release notes at Oracle.
    </div>

    <div class="anchor">
      <a href="#jdk13_0_1" class="anchor"><img src="dist/assets/anchor.png" alt="anchor icon"></a>
      <h2 class="bold"><button type="button" onclick="showHideReleaseNotes('jdk13_0_1_notes');">-/+</button> <a id="jdk13_0_1">OpenJDK 13.0.1 (13.0.1+9)</a></h2>
      <h3 style="text-align: center;">(<a href="https://github.com/AdoptOpenJDK/openjdk13-upstream-binaries/releases/download/jdk-13_0_1%2B9/OpenJDK13U-sources_13.0.1_9.tar.gz">Upstream Source Tarball OpenJDK 13.0.1+9</a>)</h3>
    </div>
    <div class="margin-bottom softHide" id="jdk13_0_1_notes">
      For jdk13_0_1+9 fixes see <a href="https://foojay.io/java-13/?quarter=012020&tab=allissues&version=13.0.1" target="_blank">Combined CVE and JDK bug view</a> at foojay.io.
      Please note you may not have permission to click through to the JBS bug itself, in which case you'll need to read the CVE directly.
    </div>

    <div class="anchor">
      <a href="#jdk13" class="anchor"><img src="dist/assets/anchor.png" alt="anchor icon"></a>
      <h2 class="bold"><button type="button" onclick="showHideReleaseNotes('jdk13_notes');">-/+</button> <a id="jdk13">OpenJDK 13 (13+33)</a></h2>
    </div>
    <div class="margin-bottom softHide" id="jdk13_notes">

      You can check the details of these features using the <a href="https://www.oracle.com/technetwork/java/javase/13all-relnotes-5461743.html" target="_blank">13</a> release notes at Oracle.

      <h3>New features</h3>
      <ul>
        <li>350: Dynamic CDS Archives</li>
        <li>351: ZGC: Uncommit Unused Memory</li>
        <li>353: Reimplement the Legacy Socket API</li>
        <li>354: Switch Expressions (Preview)</li>
        <li>355: Text Blocks (Preview)</li>
      </ul>
    </div>

    <div class="anchor">
      <a href="#jdk14_0_2" class="anchor"><img src="dist/assets/anchor.png" alt="anchor icon"></a>
      <h2 class="bold"><button type="button" onclick="showHideReleaseNotes('jdk14_0_2_notes');">-/+</button> <a id="jdk14_0_2">OpenJDK 14.0.2 (14.0.2+12)</a></h2>
      <h3 style="text-align: center;">(<a href="https://github.com/AdoptOpenJDK/openjdk14-upstream-binaries/releases/download/jdk-14_0_2%2B12/OpenJDK14U-sources_14.0.2_12.tar.gz">Upstream Source Tarball OpenJDK 14.0.2+12</a>)</h3>
    </div>
    <div class="margin-bottom softHide" id="jdk14_0_2_notes">
      For jdk14_0_2+12 fixes see <a href="https://foojay.io/java-14/?quarter=102020&tab=allissues" target="_blank">Combined CVE and JDK bug view</a> at foojay.io.
      Please note you may not have permission to click through to the JBS bug itself, in which case you'll need to read the CVE directly.
    </div>

    <div class="anchor">
      <a href="#jdk14_0_1" class="anchor"><img src="dist/assets/anchor.png" alt="anchor icon"></a>
      <h2 class="bold"><button type="button" onclick="showHideReleaseNotes('jdk14_0_1_notes');">-/+</button> <a id="jdk14_0_1">OpenJDK 14.0.1 (14.0.1+7)</a></h2>
    </div>

    <div class="margin-bottom softHide" id="jdk14_0_1_notes">
      You can check the details of this release using the <a href="https://www.oracle.com/technetwork/java/javase/14-0-1-relnotes-5972653.html" target="_blank">14.0.1</a> release notes at Oracle.
    </div>

    <div class="anchor">
      <a href="#jdk14" class="anchor"><img src="dist/assets/anchor.png" alt="anchor icon"></a>
      <h2 class="bold"><button type="button" onclick="showHideReleaseNotes('jdk14_notes');">-/+</button> <a id="jdk14">OpenJDK 14 (14+36)</a></h2>
    </div>
    <div class="margin-bottom softHide" id="jdk14_notes">

      You can check the details of these features using the <a href="https://www.oracle.com/technetwork/java/javase/14all-relnotes-5809668.html" target="_blank">14</a> release notes at Oracle.

      <h3>New features</h3>
      <ul>
        <li>305: Pattern Matching for instanceof (Preview)</li>
        <li>343: Packaging Tool (Incubator)</li>
        <li>345: NUMA-Aware Memory Allocation for G1</li>
        <li>349: JFR Event Streaming</li>
        <li>352: Non-Volatile Mapped Byte Buffers</li>
        <li>358: Helpful NullPointerExceptions</li>
        <li>359: Records (Preview)</li>
        <li>361: Switch Expressions (Standard)</li>
        <li>362: Deprecate the Solaris and SPARC Ports</li>
        <li>363: Remove the Concurrent Mark Sweep (CMS) Garbage Collector</li>
        <li>364: ZGC on macOS</li>
        <li>365: ZGC on Windows</li>
        <li>366: Deprecate the ParallelScavenge + SerialOld GC Combination</li>
        <li>367: Remove the Pack200 Tools and API</li>
        <li>368: Text Blocks (Second Preview)</li>
        <li>370: Foreign-Memory Access API (Incubator)</li>
      </ul>
    </div>

    <div class="anchor">
      <a href="#jdk15_0_1" class="anchor"><img src="dist/assets/anchor.png" alt="anchor icon"></a>
      <h2 class="bold"><button type="button" onclick="showHideReleaseNotes('jdk15_0_1_notes');">-/+</button> <a id="jdk15_0_1">OpenJDK 15.0.1 (15.0.1+9)</a></h2>
      <h3 style="text-align: center;">(<a href="https://github.com/AdoptOpenJDK/openjdk15-upstream-binaries/releases/download/jdk-15_0_1%2B9/OpenJDK15U-sources_15.0.1_9.tar.gz">Upstream Source Tarball OpenJDK 15.0.1+12</a>)</h3>
    </div>
    <div class="margin-bottom softHide" id="jdk15_0_1_notes">
      For jdk15_0_1+9 fixes see <a href="https://foojay.io/java-15/?quarter=012020&tab=allissues" target="_blank">Combined CVE and JDK bug view</a> at foojay.io.
      Please note you may not have permission to click through to the JBS bug itself, in which case you'll need to read the CVE directly.
    </div>

    <div class="anchor">
      <a href="#jdk15" class="anchor"><img src="dist/assets/anchor.png" alt="anchor icon"></a>
      <h2 class="bold"><button type="button" onclick="showHideReleaseNotes('jdk15_notes');">-/+</button> <a id="jdk15">OpenJDK 15 (15+36)</a></h2>
      <h3 style="text-align: center;">(<a href="https://github.com/AdoptOpenJDK/openjdk15-upstream-binaries/releases/download/jdk-15%2B36/OpenJDK15U-sources_15_36.tar.gz">Upstream Source Tarball OpenJDK 15+36</a>)</h3>
    </div>
    <div class="margin-bottom softHide" id="jdk15_notes">
      For jdk15+36 fixes see <a href="https://foojay.io/java-15/?quarter=092020&tab=allissues&version=15" target="_blank">Combined CVE and JDK bug view</a> at foojay.io.
      Please note you may not have permission to click through to the JBS bug itself, in which case you'll need to read the CVE directly.
    </div>

    <div style="margin-top: 3rem;">
      <!--
      <a href="https://mail.openjdk.java.net/mailman/listinfo/adoption-discuss" id="dev-button" class="no-underline home-links">
        <h2 class="inline-block zero-margin">Mailing List&nbsp;<i class="fa fa-arrow-circle-o-right" aria-hidden="true"></i></h2>
      </a>
      -->
      <a href="./quality.html" class="no-underline home-links">
        <h2 class="inline-block zero-margin">Quality&nbsp;<i class="fa fa-arrow-circle-o-right" aria-hidden="true"></i></h2>
      </a>
      <a href="./supported_platforms.html" class="no-underline home-links">
        <h2 class="inline-block zero-margin">Supported Platforms&nbsp;<i class="fa fa-arrow-circle-o-right" aria-hidden="true"></i></h2>
      </a>
      <a href="https://github.com/AdoptOpenJDK/openjdk-build/issues" class="no-underline home-links">
        <h2 class="inline-block zero-margin">Submit an Issue&nbsp;<i class="fa fa-arrow-circle-o-right" aria-hidden="true"></i></h2>
      </a>
    </div>
  </div>

</main>

{{> footer }}
